[0.233s] DEBUG:colcon:Command line arguments: ['/home/pw/.local/bin/colcon', 'build']
[0.233s] DEBUG:colcon:Parsed command line arguments: Namespace(log_base=None, log_level=None, verb_name='build', build_base='build', install_base='install', merge_install=False, symlink_install=False, test_result_base=None, continue_on_error=False, executor='parallel', parallel_workers=4, event_handlers=None, ignore_user_meta=False, metas=['./colcon.meta'], base_paths=['.'], packages_ignore=None, packages_ignore_regex=None, paths=None, packages_up_to=None, packages_up_to_regex=None, packages_above=None, packages_above_and_dependencies=None, packages_above_depth=None, packages_select_by_dep=None, packages_skip_by_dep=None, packages_skip_up_to=None, packages_select_build_failed=False, packages_skip_build_finished=False, packages_select_test_failures=False, packages_skip_test_passed=False, packages_select=None, packages_skip=None, packages_select_regex=None, packages_skip_regex=None, packages_start=None, packages_end=None, cmake_args=None, cmake_target=None, cmake_target_skip_unavailable=False, cmake_clean_cache=False, cmake_clean_first=False, cmake_force_configure=False, ament_cmake_args=None, catkin_cmake_args=None, catkin_skip_building_tests=False, verb_parser=<colcon_defaults.argument_parser.defaults.DefaultArgumentsDecorator object at 0x7412ee7b86d0>, verb_extension=<colcon_core.verb.build.BuildVerb object at 0x7412ee7b81c0>, main=<bound method BuildVerb.main of <colcon_core.verb.build.BuildVerb object at 0x7412ee7b81c0>>)
[0.483s] Level 1:colcon.colcon_core.package_discovery:discover_packages(colcon_meta) check parameters
[0.483s] Level 1:colcon.colcon_core.package_discovery:discover_packages(recursive) check parameters
[0.483s] Level 1:colcon.colcon_core.package_discovery:discover_packages(ignore) check parameters
[0.483s] Level 1:colcon.colcon_core.package_discovery:discover_packages(path) check parameters
[0.483s] Level 1:colcon.colcon_core.package_discovery:discover_packages(colcon_meta) discover
[0.483s] Level 1:colcon.colcon_core.package_discovery:discover_packages(recursive) discover
[0.483s] INFO:colcon.colcon_core.package_discovery:Crawling recursively for packages in '/home/pw/Downloads/rospw'
[0.483s] Level 1:colcon.colcon_core.package_identification:_identify(.) by extensions ['ignore', 'ignore_ament_install']
[0.484s] Level 1:colcon.colcon_core.package_identification:_identify(.) by extension 'ignore'
[0.484s] Level 1:colcon.colcon_core.package_identification:_identify(.) by extension 'ignore_ament_install'
[0.484s] Level 1:colcon.colcon_core.package_identification:_identify(.) by extensions ['colcon_pkg']
[0.484s] Level 1:colcon.colcon_core.package_identification:_identify(.) by extension 'colcon_pkg'
[0.484s] Level 1:colcon.colcon_core.package_identification:_identify(.) by extensions ['colcon_meta']
[0.484s] Level 1:colcon.colcon_core.package_identification:_identify(.) by extension 'colcon_meta'
[0.484s] Level 1:colcon.colcon_core.package_identification:_identify(.) by extensions ['ros']
[0.484s] Level 1:colcon.colcon_core.package_identification:_identify(.) by extension 'ros'
[0.505s] Level 1:colcon.colcon_core.package_identification:_identify(.) by extensions ['cmake', 'python']
[0.505s] Level 1:colcon.colcon_core.package_identification:_identify(.) by extension 'cmake'
[0.506s] Level 1:colcon.colcon_core.package_identification:_identify(.) by extension 'python'
[0.506s] Level 1:colcon.colcon_core.package_identification:_identify(.) by extensions ['python_setup_py']
[0.506s] Level 1:colcon.colcon_core.package_identification:_identify(.) by extension 'python_setup_py'
[0.507s] Level 1:colcon.colcon_core.package_identification:_identify(build) by extensions ['ignore', 'ignore_ament_install']
[0.507s] Level 1:colcon.colcon_core.package_identification:_identify(build) by extension 'ignore'
[0.507s] Level 1:colcon.colcon_core.package_identification:_identify(build) ignored
[0.508s] Level 1:colcon.colcon_core.package_identification:_identify(install) by extensions ['ignore', 'ignore_ament_install']
[0.508s] Level 1:colcon.colcon_core.package_identification:_identify(install) by extension 'ignore'
[0.508s] Level 1:colcon.colcon_core.package_identification:_identify(install) ignored
[0.509s] Level 1:colcon.colcon_core.package_identification:_identify(log) by extensions ['ignore', 'ignore_ament_install']
[0.509s] Level 1:colcon.colcon_core.package_identification:_identify(log) by extension 'ignore'
[0.509s] Level 1:colcon.colcon_core.package_identification:_identify(log) ignored
[0.509s] Level 1:colcon.colcon_core.package_identification:_identify(src) by extensions ['ignore', 'ignore_ament_install']
[0.509s] Level 1:colcon.colcon_core.package_identification:_identify(src) by extension 'ignore'
[0.509s] Level 1:colcon.colcon_core.package_identification:_identify(src) by extension 'ignore_ament_install'
[0.509s] Level 1:colcon.colcon_core.package_identification:_identify(src) by extensions ['colcon_pkg']
[0.509s] Level 1:colcon.colcon_core.package_identification:_identify(src) by extension 'colcon_pkg'
[0.510s] Level 1:colcon.colcon_core.package_identification:_identify(src) by extensions ['colcon_meta']
[0.510s] Level 1:colcon.colcon_core.package_identification:_identify(src) by extension 'colcon_meta'
[0.510s] Level 1:colcon.colcon_core.package_identification:_identify(src) by extensions ['ros']
[0.510s] Level 1:colcon.colcon_core.package_identification:_identify(src) by extension 'ros'
[0.510s] Level 1:colcon.colcon_core.package_identification:_identify(src) by extensions ['cmake', 'python']
[0.510s] Level 1:colcon.colcon_core.package_identification:_identify(src) by extension 'cmake'
[0.510s] Level 1:colcon.colcon_core.package_identification:_identify(src) by extension 'python'
[0.510s] Level 1:colcon.colcon_core.package_identification:_identify(src) by extensions ['python_setup_py']
[0.510s] Level 1:colcon.colcon_core.package_identification:_identify(src) by extension 'python_setup_py'
[0.510s] Level 1:colcon.colcon_core.package_identification:_identify(src/build) by extensions ['ignore', 'ignore_ament_install']
[0.511s] Level 1:colcon.colcon_core.package_identification:_identify(src/build) by extension 'ignore'
[0.511s] Level 1:colcon.colcon_core.package_identification:_identify(src/build) ignored
[0.511s] Level 1:colcon.colcon_core.package_identification:_identify(src/camera_subscriber) by extensions ['ignore', 'ignore_ament_install']
[0.511s] Level 1:colcon.colcon_core.package_identification:_identify(src/camera_subscriber) by extension 'ignore'
[0.511s] Level 1:colcon.colcon_core.package_identification:_identify(src/camera_subscriber) by extension 'ignore_ament_install'
[0.511s] Level 1:colcon.colcon_core.package_identification:_identify(src/camera_subscriber) by extensions ['colcon_pkg']
[0.511s] Level 1:colcon.colcon_core.package_identification:_identify(src/camera_subscriber) by extension 'colcon_pkg'
[0.511s] Level 1:colcon.colcon_core.package_identification:_identify(src/camera_subscriber) by extensions ['colcon_meta']
[0.511s] Level 1:colcon.colcon_core.package_identification:_identify(src/camera_subscriber) by extension 'colcon_meta'
[0.511s] Level 1:colcon.colcon_core.package_identification:_identify(src/camera_subscriber) by extensions ['ros']
[0.511s] Level 1:colcon.colcon_core.package_identification:_identify(src/camera_subscriber) by extension 'ros'
[0.515s] DEBUG:colcon.colcon_core.package_identification:Package 'src/camera_subscriber' with type 'ros.ament_python' and name 'camera_subscriber'
[0.515s] Level 1:colcon.colcon_core.package_identification:_identify(src/install) by extensions ['ignore', 'ignore_ament_install']
[0.515s] Level 1:colcon.colcon_core.package_identification:_identify(src/install) by extension 'ignore'
[0.515s] Level 1:colcon.colcon_core.package_identification:_identify(src/install) ignored
[0.515s] Level 1:colcon.colcon_core.package_identification:_identify(src/log) by extensions ['ignore', 'ignore_ament_install']
[0.515s] Level 1:colcon.colcon_core.package_identification:_identify(src/log) by extension 'ignore'
[0.516s] Level 1:colcon.colcon_core.package_identification:_identify(src/log) ignored
[0.516s] Level 1:colcon.colcon_core.package_identification:_identify(src/sensors_demos_gazebo) by extensions ['ignore', 'ignore_ament_install']
[0.516s] Level 1:colcon.colcon_core.package_identification:_identify(src/sensors_demos_gazebo) by extension 'ignore'
[0.516s] Level 1:colcon.colcon_core.package_identification:_identify(src/sensors_demos_gazebo) by extension 'ignore_ament_install'
[0.516s] Level 1:colcon.colcon_core.package_identification:_identify(src/sensors_demos_gazebo) by extensions ['colcon_pkg']
[0.516s] Level 1:colcon.colcon_core.package_identification:_identify(src/sensors_demos_gazebo) by extension 'colcon_pkg'
[0.516s] Level 1:colcon.colcon_core.package_identification:_identify(src/sensors_demos_gazebo) by extensions ['colcon_meta']
[0.516s] Level 1:colcon.colcon_core.package_identification:_identify(src/sensors_demos_gazebo) by extension 'colcon_meta'
[0.516s] Level 1:colcon.colcon_core.package_identification:_identify(src/sensors_demos_gazebo) by extensions ['ros']
[0.516s] Level 1:colcon.colcon_core.package_identification:_identify(src/sensors_demos_gazebo) by extension 'ros'
[0.518s] DEBUG:colcon.colcon_core.package_identification:Package 'src/sensors_demos_gazebo' with type 'ros.ament_python' and name 'sensors_demos_gazebo'
[0.518s] Level 1:colcon.colcon_core.package_identification:_identify(src/usb_cam) by extensions ['ignore', 'ignore_ament_install']
[0.518s] Level 1:colcon.colcon_core.package_identification:_identify(src/usb_cam) by extension 'ignore'
[0.518s] Level 1:colcon.colcon_core.package_identification:_identify(src/usb_cam) by extension 'ignore_ament_install'
[0.518s] Level 1:colcon.colcon_core.package_identification:_identify(src/usb_cam) by extensions ['colcon_pkg']
[0.518s] Level 1:colcon.colcon_core.package_identification:_identify(src/usb_cam) by extension 'colcon_pkg'
[0.518s] Level 1:colcon.colcon_core.package_identification:_identify(src/usb_cam) by extensions ['colcon_meta']
[0.518s] Level 1:colcon.colcon_core.package_identification:_identify(src/usb_cam) by extension 'colcon_meta'
[0.518s] Level 1:colcon.colcon_core.package_identification:_identify(src/usb_cam) by extensions ['ros']
[0.518s] Level 1:colcon.colcon_core.package_identification:_identify(src/usb_cam) by extension 'ros'
[0.520s] DEBUG:colcon.colcon_core.package_identification:Package 'src/usb_cam' with type 'ros.ament_cmake' and name 'usb_cam'
[0.521s] Level 1:colcon.colcon_core.package_discovery:discover_packages(recursive) using defaults
[0.521s] Level 1:colcon.colcon_core.package_discovery:discover_packages(ignore) discover
[0.521s] Level 1:colcon.colcon_core.package_discovery:discover_packages(ignore) using defaults
[0.521s] Level 1:colcon.colcon_core.package_discovery:discover_packages(path) discover
[0.521s] Level 1:colcon.colcon_core.package_discovery:discover_packages(path) using defaults
[0.555s] Level 5:colcon.colcon_core.verb:set package 'camera_subscriber' build argument 'cmake_args' from command line to 'None'
[0.555s] Level 5:colcon.colcon_core.verb:set package 'camera_subscriber' build argument 'cmake_target' from command line to 'None'
[0.555s] Level 5:colcon.colcon_core.verb:set package 'camera_subscriber' build argument 'cmake_target_skip_unavailable' from command line to 'False'
[0.555s] Level 5:colcon.colcon_core.verb:set package 'camera_subscriber' build argument 'cmake_clean_cache' from command line to 'False'
[0.555s] Level 5:colcon.colcon_core.verb:set package 'camera_subscriber' build argument 'cmake_clean_first' from command line to 'False'
[0.555s] Level 5:colcon.colcon_core.verb:set package 'camera_subscriber' build argument 'cmake_force_configure' from command line to 'False'
[0.555s] Level 5:colcon.colcon_core.verb:set package 'camera_subscriber' build argument 'ament_cmake_args' from command line to 'None'
[0.555s] Level 5:colcon.colcon_core.verb:set package 'camera_subscriber' build argument 'catkin_cmake_args' from command line to 'None'
[0.555s] Level 5:colcon.colcon_core.verb:set package 'camera_subscriber' build argument 'catkin_skip_building_tests' from command line to 'False'
[0.555s] DEBUG:colcon.colcon_core.verb:Building package 'camera_subscriber' with the following arguments: {'ament_cmake_args': None, 'build_base': '/home/pw/Downloads/rospw/build/camera_subscriber', 'catkin_cmake_args': None, 'catkin_skip_building_tests': False, 'cmake_args': None, 'cmake_clean_cache': False, 'cmake_clean_first': False, 'cmake_force_configure': False, 'cmake_target': None, 'cmake_target_skip_unavailable': False, 'install_base': '/home/pw/Downloads/rospw/install/camera_subscriber', 'merge_install': False, 'path': '/home/pw/Downloads/rospw/src/camera_subscriber', 'symlink_install': False, 'test_result_base': None}
[0.556s] Level 5:colcon.colcon_core.verb:set package 'sensors_demos_gazebo' build argument 'cmake_args' from command line to 'None'
[0.556s] Level 5:colcon.colcon_core.verb:set package 'sensors_demos_gazebo' build argument 'cmake_target' from command line to 'None'
[0.556s] Level 5:colcon.colcon_core.verb:set package 'sensors_demos_gazebo' build argument 'cmake_target_skip_unavailable' from command line to 'False'
[0.556s] Level 5:colcon.colcon_core.verb:set package 'sensors_demos_gazebo' build argument 'cmake_clean_cache' from command line to 'False'
[0.556s] Level 5:colcon.colcon_core.verb:set package 'sensors_demos_gazebo' build argument 'cmake_clean_first' from command line to 'False'
[0.556s] Level 5:colcon.colcon_core.verb:set package 'sensors_demos_gazebo' build argument 'cmake_force_configure' from command line to 'False'
[0.556s] Level 5:colcon.colcon_core.verb:set package 'sensors_demos_gazebo' build argument 'ament_cmake_args' from command line to 'None'
[0.556s] Level 5:colcon.colcon_core.verb:set package 'sensors_demos_gazebo' build argument 'catkin_cmake_args' from command line to 'None'
[0.556s] Level 5:colcon.colcon_core.verb:set package 'sensors_demos_gazebo' build argument 'catkin_skip_building_tests' from command line to 'False'
[0.556s] DEBUG:colcon.colcon_core.verb:Building package 'sensors_demos_gazebo' with the following arguments: {'ament_cmake_args': None, 'build_base': '/home/pw/Downloads/rospw/build/sensors_demos_gazebo', 'catkin_cmake_args': None, 'catkin_skip_building_tests': False, 'cmake_args': None, 'cmake_clean_cache': False, 'cmake_clean_first': False, 'cmake_force_configure': False, 'cmake_target': None, 'cmake_target_skip_unavailable': False, 'install_base': '/home/pw/Downloads/rospw/install/sensors_demos_gazebo', 'merge_install': False, 'path': '/home/pw/Downloads/rospw/src/sensors_demos_gazebo', 'symlink_install': False, 'test_result_base': None}
[0.557s] Level 5:colcon.colcon_core.verb:set package 'usb_cam' build argument 'cmake_args' from command line to 'None'
[0.557s] Level 5:colcon.colcon_core.verb:set package 'usb_cam' build argument 'cmake_target' from command line to 'None'
[0.557s] Level 5:colcon.colcon_core.verb:set package 'usb_cam' build argument 'cmake_target_skip_unavailable' from command line to 'False'
[0.557s] Level 5:colcon.colcon_core.verb:set package 'usb_cam' build argument 'cmake_clean_cache' from command line to 'False'
[0.557s] Level 5:colcon.colcon_core.verb:set package 'usb_cam' build argument 'cmake_clean_first' from command line to 'False'
[0.557s] Level 5:colcon.colcon_core.verb:set package 'usb_cam' build argument 'cmake_force_configure' from command line to 'False'
[0.557s] Level 5:colcon.colcon_core.verb:set package 'usb_cam' build argument 'ament_cmake_args' from command line to 'None'
[0.557s] Level 5:colcon.colcon_core.verb:set package 'usb_cam' build argument 'catkin_cmake_args' from command line to 'None'
[0.557s] Level 5:colcon.colcon_core.verb:set package 'usb_cam' build argument 'catkin_skip_building_tests' from command line to 'False'
[0.557s] DEBUG:colcon.colcon_core.verb:Building package 'usb_cam' with the following arguments: {'ament_cmake_args': None, 'build_base': '/home/pw/Downloads/rospw/build/usb_cam', 'catkin_cmake_args': None, 'catkin_skip_building_tests': False, 'cmake_args': None, 'cmake_clean_cache': False, 'cmake_clean_first': False, 'cmake_force_configure': False, 'cmake_target': None, 'cmake_target_skip_unavailable': False, 'install_base': '/home/pw/Downloads/rospw/install/usb_cam', 'merge_install': False, 'path': '/home/pw/Downloads/rospw/src/usb_cam', 'symlink_install': False, 'test_result_base': None}
[0.558s] INFO:colcon.colcon_core.executor:Executing jobs using 'parallel' executor
[0.561s] DEBUG:colcon.colcon_parallel_executor.executor.parallel:run_until_complete
[0.561s] INFO:colcon.colcon_ros.task.ament_python.build:Building ROS package in '/home/pw/Downloads/rospw/src/camera_subscriber' with build type 'ament_python'
[0.562s] Level 1:colcon.colcon_core.shell:create_environment_hook('camera_subscriber', 'ament_prefix_path')
[0.565s] INFO:colcon.colcon_core.plugin_system:Skipping extension 'colcon_core.shell.bat': Not used on non-Windows systems
[0.565s] INFO:colcon.colcon_core.shell:Creating environment hook '/home/pw/Downloads/rospw/install/camera_subscriber/share/camera_subscriber/hook/ament_prefix_path.ps1'
[0.566s] INFO:colcon.colcon_core.shell:Creating environment descriptor '/home/pw/Downloads/rospw/install/camera_subscriber/share/camera_subscriber/hook/ament_prefix_path.dsv'
[0.567s] INFO:colcon.colcon_core.shell:Creating environment hook '/home/pw/Downloads/rospw/install/camera_subscriber/share/camera_subscriber/hook/ament_prefix_path.sh'
[0.569s] INFO:colcon.colcon_core.shell:Skip shell extension 'powershell' for command environment: Not usable outside of PowerShell
[0.569s] DEBUG:colcon.colcon_core.shell:Skip shell extension 'dsv' for command environment
[0.579s] INFO:colcon.colcon_ros.task.ament_python.build:Building ROS package in '/home/pw/Downloads/rospw/src/sensors_demos_gazebo' with build type 'ament_python'
[0.580s] Level 1:colcon.colcon_core.shell:create_environment_hook('sensors_demos_gazebo', 'ament_prefix_path')
[0.581s] INFO:colcon.colcon_core.shell:Creating environment hook '/home/pw/Downloads/rospw/install/sensors_demos_gazebo/share/sensors_demos_gazebo/hook/ament_prefix_path.ps1'
[0.582s] INFO:colcon.colcon_core.shell:Creating environment descriptor '/home/pw/Downloads/rospw/install/sensors_demos_gazebo/share/sensors_demos_gazebo/hook/ament_prefix_path.dsv'
[0.583s] INFO:colcon.colcon_core.shell:Creating environment hook '/home/pw/Downloads/rospw/install/sensors_demos_gazebo/share/sensors_demos_gazebo/hook/ament_prefix_path.sh'
[0.584s] INFO:colcon.colcon_core.shell:Skip shell extension 'powershell' for command environment: Not usable outside of PowerShell
[0.584s] DEBUG:colcon.colcon_core.shell:Skip shell extension 'dsv' for command environment
[0.589s] INFO:colcon.colcon_ros.task.ament_cmake.build:Building ROS package in '/home/pw/Downloads/rospw/src/usb_cam' with build type 'ament_cmake'
[0.589s] INFO:colcon.colcon_cmake.task.cmake.build:Building CMake package in '/home/pw/Downloads/rospw/src/usb_cam'
[0.590s] INFO:colcon.colcon_core.shell:Skip shell extension 'powershell' for command environment: Not usable outside of PowerShell
[0.591s] DEBUG:colcon.colcon_core.shell:Skip shell extension 'dsv' for command environment
[1.081s] INFO:colcon.colcon_core.task.python.build:Building Python package in '/home/pw/Downloads/rospw/src/camera_subscriber'
[1.081s] INFO:colcon.colcon_core.shell:Skip shell extension 'powershell' for command environment: Not usable outside of PowerShell
[1.081s] DEBUG:colcon.colcon_core.shell:Skip shell extension 'dsv' for command environment
[1.549s] INFO:colcon.colcon_core.task.python.build:Building Python package in '/home/pw/Downloads/rospw/src/sensors_demos_gazebo'
[1.550s] INFO:colcon.colcon_core.shell:Skip shell extension 'powershell' for command environment: Not usable outside of PowerShell
[1.550s] DEBUG:colcon.colcon_core.shell:Skip shell extension 'dsv' for command environment
[1.564s] DEBUG:colcon.colcon_core.event_handler.log_command:Invoking command in '/home/pw/Downloads/rospw/build/usb_cam': CMAKE_PREFIX_PATH=${CMAKE_PREFIX_PATH}:/home/pw/Downloads/rospw/install/sensors_demos_gazebo:/home/pw/Downloads/rospw/install/camera_subscriber:/opt/ros/humble /usr/bin/cmake --build /home/pw/Downloads/rospw/build/usb_cam -- -j4 -l4
[1.887s] DEBUG:colcon.colcon_core.event_handler.log_command:Invoked command in '/home/pw/Downloads/rospw/build/usb_cam' returned '0': CMAKE_PREFIX_PATH=${CMAKE_PREFIX_PATH}:/home/pw/Downloads/rospw/install/sensors_demos_gazebo:/home/pw/Downloads/rospw/install/camera_subscriber:/opt/ros/humble /usr/bin/cmake --build /home/pw/Downloads/rospw/build/usb_cam -- -j4 -l4
[1.909s] DEBUG:colcon.colcon_core.event_handler.log_command:Invoking command in '/home/pw/Downloads/rospw/build/usb_cam': CMAKE_PREFIX_PATH=${CMAKE_PREFIX_PATH}:/home/pw/Downloads/rospw/install/sensors_demos_gazebo:/home/pw/Downloads/rospw/install/camera_subscriber:/opt/ros/humble /usr/bin/cmake --install /home/pw/Downloads/rospw/build/usb_cam
[1.941s] Level 1:colcon.colcon_core.environment:create_environment_scripts_only(usb_cam)
[1.944s] DEBUG:colcon.colcon_core.event_handler.log_command:Invoked command in '/home/pw/Downloads/rospw/build/usb_cam' returned '0': CMAKE_PREFIX_PATH=${CMAKE_PREFIX_PATH}:/home/pw/Downloads/rospw/install/sensors_demos_gazebo:/home/pw/Downloads/rospw/install/camera_subscriber:/opt/ros/humble /usr/bin/cmake --install /home/pw/Downloads/rospw/build/usb_cam
[1.949s] Level 1:colcon.colcon_core.environment:checking '/home/pw/Downloads/rospw/install/usb_cam' for CMake module files
[1.950s] Level 1:colcon.colcon_core.environment:checking '/home/pw/Downloads/rospw/install/usb_cam' for CMake config files
[1.951s] Level 1:colcon.colcon_core.shell:create_environment_hook('usb_cam', 'cmake_prefix_path')
[1.952s] INFO:colcon.colcon_core.shell:Creating environment hook '/home/pw/Downloads/rospw/install/usb_cam/share/usb_cam/hook/cmake_prefix_path.ps1'
[1.953s] INFO:colcon.colcon_core.shell:Creating environment descriptor '/home/pw/Downloads/rospw/install/usb_cam/share/usb_cam/hook/cmake_prefix_path.dsv'
[1.954s] INFO:colcon.colcon_core.shell:Creating environment hook '/home/pw/Downloads/rospw/install/usb_cam/share/usb_cam/hook/cmake_prefix_path.sh'
[1.956s] Level 1:colcon.colcon_core.environment:checking '/home/pw/Downloads/rospw/install/usb_cam/lib'
[1.956s] Level 1:colcon.colcon_core.shell:create_environment_hook('usb_cam', 'ld_library_path_lib')
[1.957s] INFO:colcon.colcon_core.shell:Creating environment hook '/home/pw/Downloads/rospw/install/usb_cam/share/usb_cam/hook/ld_library_path_lib.ps1'
[1.958s] INFO:colcon.colcon_core.shell:Creating environment descriptor '/home/pw/Downloads/rospw/install/usb_cam/share/usb_cam/hook/ld_library_path_lib.dsv'
[1.959s] INFO:colcon.colcon_core.shell:Creating environment hook '/home/pw/Downloads/rospw/install/usb_cam/share/usb_cam/hook/ld_library_path_lib.sh'
[1.960s] Level 1:colcon.colcon_core.environment:checking '/home/pw/Downloads/rospw/install/usb_cam/bin'
[1.961s] Level 1:colcon.colcon_core.environment:checking '/home/pw/Downloads/rospw/install/usb_cam/lib/pkgconfig/usb_cam.pc'
[1.962s] Level 1:colcon.colcon_core.environment:checking '/home/pw/Downloads/rospw/install/usb_cam/lib/python3.10/site-packages'
[1.964s] Level 1:colcon.colcon_core.environment:checking '/home/pw/Downloads/rospw/install/usb_cam/bin'
[1.967s] INFO:colcon.colcon_core.shell:Creating package script '/home/pw/Downloads/rospw/install/usb_cam/share/usb_cam/package.ps1'
[1.971s] INFO:colcon.colcon_core.shell:Creating package descriptor '/home/pw/Downloads/rospw/install/usb_cam/share/usb_cam/package.dsv'
[1.972s] INFO:colcon.colcon_core.shell:Creating package script '/home/pw/Downloads/rospw/install/usb_cam/share/usb_cam/package.sh'
[1.974s] INFO:colcon.colcon_core.shell:Creating package script '/home/pw/Downloads/rospw/install/usb_cam/share/usb_cam/package.bash'
[1.976s] INFO:colcon.colcon_core.shell:Creating package script '/home/pw/Downloads/rospw/install/usb_cam/share/usb_cam/package.zsh'
[1.978s] Level 1:colcon.colcon_core.environment:create_file_with_runtime_dependencies(/home/pw/Downloads/rospw/install/usb_cam/share/colcon-core/packages/usb_cam)
[1.986s] Level 1:colcon.colcon_core.environment:create_environment_scripts_only(usb_cam)
[1.987s] Level 1:colcon.colcon_core.environment:checking '/home/pw/Downloads/rospw/install/usb_cam' for CMake module files
[1.990s] Level 1:colcon.colcon_core.environment:checking '/home/pw/Downloads/rospw/install/usb_cam' for CMake config files
[1.990s] Level 1:colcon.colcon_core.shell:create_environment_hook('usb_cam', 'cmake_prefix_path')
[1.991s] INFO:colcon.colcon_core.shell:Creating environment hook '/home/pw/Downloads/rospw/install/usb_cam/share/usb_cam/hook/cmake_prefix_path.ps1'
[1.992s] INFO:colcon.colcon_core.shell:Creating environment descriptor '/home/pw/Downloads/rospw/install/usb_cam/share/usb_cam/hook/cmake_prefix_path.dsv'
[1.993s] INFO:colcon.colcon_core.shell:Creating environment hook '/home/pw/Downloads/rospw/install/usb_cam/share/usb_cam/hook/cmake_prefix_path.sh'
[1.995s] Level 1:colcon.colcon_core.environment:checking '/home/pw/Downloads/rospw/install/usb_cam/lib'
[1.995s] Level 1:colcon.colcon_core.shell:create_environment_hook('usb_cam', 'ld_library_path_lib')
[1.995s] INFO:colcon.colcon_core.shell:Creating environment hook '/home/pw/Downloads/rospw/install/usb_cam/share/usb_cam/hook/ld_library_path_lib.ps1'
[1.996s] INFO:colcon.colcon_core.shell:Creating environment descriptor '/home/pw/Downloads/rospw/install/usb_cam/share/usb_cam/hook/ld_library_path_lib.dsv'
[1.997s] INFO:colcon.colcon_core.shell:Creating environment hook '/home/pw/Downloads/rospw/install/usb_cam/share/usb_cam/hook/ld_library_path_lib.sh'
[1.998s] Level 1:colcon.colcon_core.environment:checking '/home/pw/Downloads/rospw/install/usb_cam/bin'
[1.998s] Level 1:colcon.colcon_core.environment:checking '/home/pw/Downloads/rospw/install/usb_cam/lib/pkgconfig/usb_cam.pc'
[2.000s] Level 1:colcon.colcon_core.environment:checking '/home/pw/Downloads/rospw/install/usb_cam/lib/python3.10/site-packages'
[2.001s] Level 1:colcon.colcon_core.environment:checking '/home/pw/Downloads/rospw/install/usb_cam/bin'
[2.002s] INFO:colcon.colcon_core.shell:Creating package script '/home/pw/Downloads/rospw/install/usb_cam/share/usb_cam/package.ps1'
[2.007s] INFO:colcon.colcon_core.shell:Creating package descriptor '/home/pw/Downloads/rospw/install/usb_cam/share/usb_cam/package.dsv'
[2.008s] INFO:colcon.colcon_core.shell:Creating package script '/home/pw/Downloads/rospw/install/usb_cam/share/usb_cam/package.sh'
[2.010s] INFO:colcon.colcon_core.shell:Creating package script '/home/pw/Downloads/rospw/install/usb_cam/share/usb_cam/package.bash'
[2.011s] INFO:colcon.colcon_core.shell:Creating package script '/home/pw/Downloads/rospw/install/usb_cam/share/usb_cam/package.zsh'
[2.012s] Level 1:colcon.colcon_core.environment:create_file_with_runtime_dependencies(/home/pw/Downloads/rospw/install/usb_cam/share/colcon-core/packages/usb_cam)
[2.481s] DEBUG:colcon.colcon_core.event_handler.log_command:Invoking command in '/home/pw/Downloads/rospw/src/camera_subscriber': PYTHONPATH=/home/pw/Downloads/rospw/build/camera_subscriber/prefix_override:/home/pw/.local/lib/python3.10/site-packages/colcon_core/task/python/colcon_distutils_commands:/home/pw/Downloads/rospw/install/camera_subscriber/lib/python3.10/site-packages:${PYTHONPATH} /usr/bin/python3 -W ignore:setup.py install is deprecated -W ignore:easy_install command is deprecated setup.py egg_info --egg-base ../../build/camera_subscriber build --build-base /home/pw/Downloads/rospw/build/camera_subscriber/build install --record /home/pw/Downloads/rospw/build/camera_subscriber/install.log --single-version-externally-managed install_data
[2.557s] DEBUG:colcon.colcon_core.event_handler.log_command:Invoking command in '/home/pw/Downloads/rospw/src/sensors_demos_gazebo': PYTHONPATH=/home/pw/Downloads/rospw/build/sensors_demos_gazebo/prefix_override:/home/pw/.local/lib/python3.10/site-packages/colcon_core/task/python/colcon_distutils_commands:/home/pw/Downloads/rospw/install/sensors_demos_gazebo/lib/python3.10/site-packages:${PYTHONPATH} /usr/bin/python3 -W ignore:setup.py install is deprecated -W ignore:easy_install command is deprecated setup.py egg_info --egg-base ../../build/sensors_demos_gazebo build --build-base /home/pw/Downloads/rospw/build/sensors_demos_gazebo/build install --record /home/pw/Downloads/rospw/build/sensors_demos_gazebo/install.log --install-scripts $base/lib/sensors_demos_gazebo --single-version-externally-managed install_data
[3.164s] Level 1:colcon.colcon_core.environment:checking '/home/pw/Downloads/rospw/install/camera_subscriber' for CMake module files
[3.165s] DEBUG:colcon.colcon_core.event_handler.log_command:Invoked command in '/home/pw/Downloads/rospw/src/camera_subscriber' returned '0': PYTHONPATH=/home/pw/Downloads/rospw/build/camera_subscriber/prefix_override:/home/pw/.local/lib/python3.10/site-packages/colcon_core/task/python/colcon_distutils_commands:/home/pw/Downloads/rospw/install/camera_subscriber/lib/python3.10/site-packages:${PYTHONPATH} /usr/bin/python3 -W ignore:setup.py install is deprecated -W ignore:easy_install command is deprecated setup.py egg_info --egg-base ../../build/camera_subscriber build --build-base /home/pw/Downloads/rospw/build/camera_subscriber/build install --record /home/pw/Downloads/rospw/build/camera_subscriber/install.log --single-version-externally-managed install_data
[3.166s] Level 1:colcon.colcon_core.environment:checking '/home/pw/Downloads/rospw/install/camera_subscriber' for CMake config files
[3.167s] Level 1:colcon.colcon_core.environment:checking '/home/pw/Downloads/rospw/install/camera_subscriber/lib'
[3.167s] Level 1:colcon.colcon_core.environment:checking '/home/pw/Downloads/rospw/install/camera_subscriber/bin'
[3.167s] Level 1:colcon.colcon_core.environment:checking '/home/pw/Downloads/rospw/install/camera_subscriber/lib/pkgconfig/camera_subscriber.pc'
[3.167s] Level 1:colcon.colcon_core.environment:checking '/home/pw/Downloads/rospw/install/camera_subscriber/lib/python3.10/site-packages'
[3.167s] Level 1:colcon.colcon_core.shell:create_environment_hook('camera_subscriber', 'pythonpath')
[3.168s] INFO:colcon.colcon_core.shell:Creating environment hook '/home/pw/Downloads/rospw/install/camera_subscriber/share/camera_subscriber/hook/pythonpath.ps1'
[3.169s] INFO:colcon.colcon_core.shell:Creating environment descriptor '/home/pw/Downloads/rospw/install/camera_subscriber/share/camera_subscriber/hook/pythonpath.dsv'
[3.170s] INFO:colcon.colcon_core.shell:Creating environment hook '/home/pw/Downloads/rospw/install/camera_subscriber/share/camera_subscriber/hook/pythonpath.sh'
[3.172s] Level 1:colcon.colcon_core.environment:checking '/home/pw/Downloads/rospw/install/camera_subscriber/bin'
[3.172s] Level 1:colcon.colcon_core.environment:create_environment_scripts_only(camera_subscriber)
[3.172s] INFO:colcon.colcon_core.shell:Creating package script '/home/pw/Downloads/rospw/install/camera_subscriber/share/camera_subscriber/package.ps1'
[3.174s] INFO:colcon.colcon_core.shell:Creating package descriptor '/home/pw/Downloads/rospw/install/camera_subscriber/share/camera_subscriber/package.dsv'
[3.175s] INFO:colcon.colcon_core.shell:Creating package script '/home/pw/Downloads/rospw/install/camera_subscriber/share/camera_subscriber/package.sh'
[3.176s] INFO:colcon.colcon_core.shell:Creating package script '/home/pw/Downloads/rospw/install/camera_subscriber/share/camera_subscriber/package.bash'
[3.177s] INFO:colcon.colcon_core.shell:Creating package script '/home/pw/Downloads/rospw/install/camera_subscriber/share/camera_subscriber/package.zsh'
[3.178s] Level 1:colcon.colcon_core.environment:create_file_with_runtime_dependencies(/home/pw/Downloads/rospw/install/camera_subscriber/share/colcon-core/packages/camera_subscriber)
[3.220s] Level 1:colcon.colcon_core.environment:checking '/home/pw/Downloads/rospw/install/sensors_demos_gazebo' for CMake module files
[3.221s] DEBUG:colcon.colcon_core.event_handler.log_command:Invoked command in '/home/pw/Downloads/rospw/src/sensors_demos_gazebo' returned '0': PYTHONPATH=/home/pw/Downloads/rospw/build/sensors_demos_gazebo/prefix_override:/home/pw/.local/lib/python3.10/site-packages/colcon_core/task/python/colcon_distutils_commands:/home/pw/Downloads/rospw/install/sensors_demos_gazebo/lib/python3.10/site-packages:${PYTHONPATH} /usr/bin/python3 -W ignore:setup.py install is deprecated -W ignore:easy_install command is deprecated setup.py egg_info --egg-base ../../build/sensors_demos_gazebo build --build-base /home/pw/Downloads/rospw/build/sensors_demos_gazebo/build install --record /home/pw/Downloads/rospw/build/sensors_demos_gazebo/install.log --install-scripts $base/lib/sensors_demos_gazebo --single-version-externally-managed install_data
[3.221s] Level 1:colcon.colcon_core.environment:checking '/home/pw/Downloads/rospw/install/sensors_demos_gazebo' for CMake config files
[3.222s] Level 1:colcon.colcon_core.environment:checking '/home/pw/Downloads/rospw/install/sensors_demos_gazebo/lib'
[3.222s] Level 1:colcon.colcon_core.environment:checking '/home/pw/Downloads/rospw/install/sensors_demos_gazebo/bin'
[3.223s] Level 1:colcon.colcon_core.environment:checking '/home/pw/Downloads/rospw/install/sensors_demos_gazebo/lib/pkgconfig/sensors_demos_gazebo.pc'
[3.223s] Level 1:colcon.colcon_core.environment:checking '/home/pw/Downloads/rospw/install/sensors_demos_gazebo/lib/python3.10/site-packages'
[3.223s] Level 1:colcon.colcon_core.shell:create_environment_hook('sensors_demos_gazebo', 'pythonpath')
[3.224s] INFO:colcon.colcon_core.shell:Creating environment hook '/home/pw/Downloads/rospw/install/sensors_demos_gazebo/share/sensors_demos_gazebo/hook/pythonpath.ps1'
[3.226s] INFO:colcon.colcon_core.shell:Creating environment descriptor '/home/pw/Downloads/rospw/install/sensors_demos_gazebo/share/sensors_demos_gazebo/hook/pythonpath.dsv'
[3.226s] INFO:colcon.colcon_core.shell:Creating environment hook '/home/pw/Downloads/rospw/install/sensors_demos_gazebo/share/sensors_demos_gazebo/hook/pythonpath.sh'
[3.228s] Level 1:colcon.colcon_core.environment:checking '/home/pw/Downloads/rospw/install/sensors_demos_gazebo/bin'
[3.228s] Level 1:colcon.colcon_core.environment:create_environment_scripts_only(sensors_demos_gazebo)
[3.229s] INFO:colcon.colcon_core.shell:Creating package script '/home/pw/Downloads/rospw/install/sensors_demos_gazebo/share/sensors_demos_gazebo/package.ps1'
[3.230s] INFO:colcon.colcon_core.shell:Creating package descriptor '/home/pw/Downloads/rospw/install/sensors_demos_gazebo/share/sensors_demos_gazebo/package.dsv'
[3.232s] INFO:colcon.colcon_core.shell:Creating package script '/home/pw/Downloads/rospw/install/sensors_demos_gazebo/share/sensors_demos_gazebo/package.sh'
[3.233s] INFO:colcon.colcon_core.shell:Creating package script '/home/pw/Downloads/rospw/install/sensors_demos_gazebo/share/sensors_demos_gazebo/package.bash'
[3.234s] INFO:colcon.colcon_core.shell:Creating package script '/home/pw/Downloads/rospw/install/sensors_demos_gazebo/share/sensors_demos_gazebo/package.zsh'
[3.235s] Level 1:colcon.colcon_core.environment:create_file_with_runtime_dependencies(/home/pw/Downloads/rospw/install/sensors_demos_gazebo/share/colcon-core/packages/sensors_demos_gazebo)
[3.236s] DEBUG:colcon.colcon_parallel_executor.executor.parallel:closing loop
[3.236s] DEBUG:colcon.colcon_parallel_executor.executor.parallel:loop closed
[3.236s] DEBUG:colcon.colcon_parallel_executor.executor.parallel:run_until_complete finished with '0'
[3.236s] DEBUG:colcon.colcon_core.event_reactor:joining thread
[3.267s] INFO:colcon.colcon_core.plugin_system:Skipping extension 'colcon_notification.desktop_notification.terminal_notifier': Not used on non-Darwin systems
[3.268s] INFO:colcon.colcon_core.plugin_system:Skipping extension 'colcon_notification.desktop_notification.win32': Not used on non-Windows systems
[3.268s] INFO:colcon.colcon_notification.desktop_notification:Sending desktop notification using 'notify2'
[3.288s] DEBUG:colcon.colcon_core.event_reactor:joined thread
[3.289s] INFO:colcon.colcon_core.shell:Creating prefix script '/home/pw/Downloads/rospw/install/local_setup.ps1'
[3.292s] INFO:colcon.colcon_core.shell:Creating prefix util module '/home/pw/Downloads/rospw/install/_local_setup_util_ps1.py'
[3.295s] INFO:colcon.colcon_core.shell:Creating prefix chain script '/home/pw/Downloads/rospw/install/setup.ps1'
[3.298s] INFO:colcon.colcon_core.shell:Creating prefix script '/home/pw/Downloads/rospw/install/local_setup.sh'
[3.299s] INFO:colcon.colcon_core.shell:Creating prefix util module '/home/pw/Downloads/rospw/install/_local_setup_util_sh.py'
[3.300s] INFO:colcon.colcon_core.shell:Creating prefix chain script '/home/pw/Downloads/rospw/install/setup.sh'
[3.302s] INFO:colcon.colcon_core.shell:Creating prefix script '/home/pw/Downloads/rospw/install/local_setup.bash'
[3.303s] INFO:colcon.colcon_core.shell:Creating prefix chain script '/home/pw/Downloads/rospw/install/setup.bash'
[3.306s] INFO:colcon.colcon_core.shell:Creating prefix script '/home/pw/Downloads/rospw/install/local_setup.zsh'
[3.307s] INFO:colcon.colcon_core.shell:Creating prefix chain script '/home/pw/Downloads/rospw/install/setup.zsh'
