[1.031s] Invoking command in '/home/pw/Downloads/rospw/build/usb_cam': CMAKE_PREFIX_PATH=${CMAKE_PREFIX_PATH}:/home/pw/Downloads/rospw/install/sensors_demos_gazebo:/home/pw/Downloads/rospw/install/camera_subscriber:/opt/ros/humble /usr/bin/cmake --build /home/pw/Downloads/rospw/build/usb_cam -- -j4 -l4
[1.206s] [ 14%] Built target usb_cam
[1.225s] [ 28%] Built target gtest
[1.225s] [ 42%] Built target gtest_main
[1.249s] [ 57%] Built target usb_cam_node_exe
[1.325s] [ 71%] Built target usb_cam_node
[1.336s] [ 85%] Built target test_pixel_formats
[1.349s] [100%] Built target test_usb_cam_utils
[1.379s] Invoked command in '/home/pw/Downloads/rospw/build/usb_cam' returned '0': CMAKE_PREFIX_PATH=${CMAKE_PREFIX_PATH}:/home/pw/Downloads/rospw/install/sensors_demos_gazebo:/home/pw/Downloads/rospw/install/camera_subscriber:/opt/ros/humble /usr/bin/cmake --build /home/pw/Downloads/rospw/build/usb_cam -- -j4 -l4
[1.405s] Invoking command in '/home/pw/Downloads/rospw/build/usb_cam': CMAKE_PREFIX_PATH=${CMAKE_PREFIX_PATH}:/home/pw/Downloads/rospw/install/sensors_demos_gazebo:/home/pw/Downloads/rospw/install/camera_subscriber:/opt/ros/humble /usr/bin/cmake --install /home/pw/Downloads/rospw/build/usb_cam
[1.424s] -- Install configuration: ""
[1.425s] -- Up-to-date: /home/pw/Downloads/rospw/install/usb_cam/share/usb_cam/environment/library_path.sh
[1.425s] -- Up-to-date: /home/pw/Downloads/rospw/install/usb_cam/share/usb_cam/environment/library_path.dsv
[1.425s] -- Up-to-date: /home/pw/Downloads/rospw/install/usb_cam/lib/usb_cam/usb_cam_node_exe
[1.425s] -- Up-to-date: /home/pw/Downloads/rospw/install/usb_cam/lib/usb_cam/show_image.py
[1.429s] -- Up-to-date: /home/pw/Downloads/rospw/install/usb_cam/lib/libusb_cam.so
[1.429s] -- Up-to-date: /home/pw/Downloads/rospw/install/usb_cam/lib/libusb_cam_node.so
[1.429s] -- Up-to-date: /home/pw/Downloads/rospw/install/usb_cam/include
[1.429s] -- Up-to-date: /home/pw/Downloads/rospw/install/usb_cam/include/usb_cam
[1.430s] -- Up-to-date: /home/pw/Downloads/rospw/install/usb_cam/include/usb_cam/usb_cam.hpp
[1.430s] -- Up-to-date: /home/pw/Downloads/rospw/install/usb_cam/include/usb_cam/utils.hpp
[1.430s] -- Up-to-date: /home/pw/Downloads/rospw/install/usb_cam/include/usb_cam/usb_cam_node.hpp
[1.430s] -- Up-to-date: /home/pw/Downloads/rospw/install/usb_cam/include/usb_cam/constants.hpp
[1.430s] -- Up-to-date: /home/pw/Downloads/rospw/install/usb_cam/include/usb_cam/formats
[1.430s] -- Up-to-date: /home/pw/Downloads/rospw/install/usb_cam/include/usb_cam/formats/av_pixel_format_helper.hpp
[1.430s] -- Up-to-date: /home/pw/Downloads/rospw/install/usb_cam/include/usb_cam/formats/rgb.hpp
[1.430s] -- Up-to-date: /home/pw/Downloads/rospw/install/usb_cam/include/usb_cam/formats/utils.hpp
[1.430s] -- Up-to-date: /home/pw/Downloads/rospw/install/usb_cam/include/usb_cam/formats/uyvy.hpp
[1.431s] -- Up-to-date: /home/pw/Downloads/rospw/install/usb_cam/include/usb_cam/formats/yuyv.hpp
[1.431s] -- Up-to-date: /home/pw/Downloads/rospw/install/usb_cam/include/usb_cam/formats/mjpeg.hpp
[1.431s] -- Up-to-date: /home/pw/Downloads/rospw/install/usb_cam/include/usb_cam/formats/pixel_format_base.hpp
[1.431s] -- Up-to-date: /home/pw/Downloads/rospw/install/usb_cam/include/usb_cam/formats/m420.hpp
[1.431s] -- Up-to-date: /home/pw/Downloads/rospw/install/usb_cam/include/usb_cam/formats/mono.hpp
[1.431s] -- Up-to-date: /home/pw/Downloads/rospw/install/usb_cam/include/usb_cam/conversions.hpp
[1.431s] -- Up-to-date: /home/pw/Downloads/rospw/install/usb_cam/lib/libusb_cam_node.so
[1.431s] -- Up-to-date: /home/pw/Downloads/rospw/install/usb_cam/share/usb_cam/launch
[1.431s] -- Up-to-date: /home/pw/Downloads/rospw/install/usb_cam/share/usb_cam/launch/__init__.py
[1.433s] -- Up-to-date: /home/pw/Downloads/rospw/install/usb_cam/share/usb_cam/launch/camera_config.py
[1.434s] -- Up-to-date: /home/pw/Downloads/rospw/install/usb_cam/share/usb_cam/launch/camera.launch.py
[1.437s] -- Up-to-date: /home/pw/Downloads/rospw/install/usb_cam/share/usb_cam/config
[1.437s] -- Up-to-date: /home/pw/Downloads/rospw/install/usb_cam/share/usb_cam/config/params_2.yaml
[1.438s] -- Up-to-date: /home/pw/Downloads/rospw/install/usb_cam/share/usb_cam/config/camera_info.yaml
[1.438s] -- Up-to-date: /home/pw/Downloads/rospw/install/usb_cam/share/usb_cam/config/params_1.yaml
[1.438s] -- Up-to-date: /home/pw/Downloads/rospw/install/usb_cam/share/ament_index/resource_index/package_run_dependencies/usb_cam
[1.438s] -- Up-to-date: /home/pw/Downloads/rospw/install/usb_cam/share/ament_index/resource_index/parent_prefix_path/usb_cam
[1.438s] -- Up-to-date: /home/pw/Downloads/rospw/install/usb_cam/share/usb_cam/environment/ament_prefix_path.sh
[1.438s] -- Up-to-date: /home/pw/Downloads/rospw/install/usb_cam/share/usb_cam/environment/ament_prefix_path.dsv
[1.439s] -- Up-to-date: /home/pw/Downloads/rospw/install/usb_cam/share/usb_cam/environment/path.sh
[1.439s] -- Up-to-date: /home/pw/Downloads/rospw/install/usb_cam/share/usb_cam/environment/path.dsv
[1.440s] -- Up-to-date: /home/pw/Downloads/rospw/install/usb_cam/share/usb_cam/local_setup.bash
[1.440s] -- Up-to-date: /home/pw/Downloads/rospw/install/usb_cam/share/usb_cam/local_setup.sh
[1.440s] -- Up-to-date: /home/pw/Downloads/rospw/install/usb_cam/share/usb_cam/local_setup.zsh
[1.440s] -- Up-to-date: /home/pw/Downloads/rospw/install/usb_cam/share/usb_cam/local_setup.dsv
[1.440s] -- Installing: /home/pw/Downloads/rospw/install/usb_cam/share/usb_cam/package.dsv
[1.444s] -- Up-to-date: /home/pw/Downloads/rospw/install/usb_cam/share/ament_index/resource_index/packages/usb_cam
[1.444s] -- Up-to-date: /home/pw/Downloads/rospw/install/usb_cam/share/ament_index/resource_index/rclcpp_components/usb_cam
[1.444s] -- Up-to-date: /home/pw/Downloads/rospw/install/usb_cam/share/usb_cam/cmake/ament_cmake_export_libraries-extras.cmake
[1.445s] -- Up-to-date: /home/pw/Downloads/rospw/install/usb_cam/share/usb_cam/cmake/ament_cmake_export_dependencies-extras.cmake
[1.446s] -- Up-to-date: /home/pw/Downloads/rospw/install/usb_cam/share/usb_cam/cmake/ament_cmake_export_include_directories-extras.cmake
[1.446s] -- Up-to-date: /home/pw/Downloads/rospw/install/usb_cam/share/usb_cam/cmake/usb_camConfig.cmake
[1.446s] -- Up-to-date: /home/pw/Downloads/rospw/install/usb_cam/share/usb_cam/cmake/usb_camConfig-version.cmake
[1.447s] -- Up-to-date: /home/pw/Downloads/rospw/install/usb_cam/share/usb_cam/package.xml
[1.447s] Invoked command in '/home/pw/Downloads/rospw/build/usb_cam' returned '0': CMAKE_PREFIX_PATH=${CMAKE_PREFIX_PATH}:/home/pw/Downloads/rospw/install/sensors_demos_gazebo:/home/pw/Downloads/rospw/install/camera_subscriber:/opt/ros/humble /usr/bin/cmake --install /home/pw/Downloads/rospw/build/usb_cam
