[0.556s] Invoking command in '/home/pw/Downloads/rospw/build/usb_cam': CMAKE_PREFIX_PATH=${CMAKE_PREFIX_PATH}:/home/pw/Downloads/rospw/install/sensors_demos_gazebo:/home/pw/Downloads/rospw/install/camera_subscriber:/opt/ros/humble /usr/bin/cmake /home/pw/Downloads/rospw/src/usb_cam -DCMAKE_INSTALL_PREFIX=/home/pw/Downloads/rospw/install/usb_cam
[0.651s] -- The C compiler identification is GNU 11.4.0
[0.754s] -- The CXX compiler identification is GNU 11.4.0
[0.770s] -- Detecting C compiler ABI info
[0.886s] -- Detecting C compiler ABI info - done
[0.903s] -- Check for working C compiler: /usr/bin/cc - skipped
[0.904s] -- Detecting C compile features
[0.904s] -- Detecting C compile features - done
[0.910s] -- Detecting CXX compiler ABI info
[1.043s] -- Detecting CXX compiler ABI info - done
[1.058s] -- Check for working CXX compiler: /usr/bin/c++ - skipped
[1.059s] -- Detecting CXX compile features
[1.060s] -- Detecting CXX compile features - done
[1.063s] -- Found ament_cmake_auto: 1.3.12 (/opt/ros/humble/share/ament_cmake_auto/cmake)
[1.256s] -- Found Python3: /usr/bin/python3 (found version "3.10.12") found components: Interpreter 
[1.486s] -- Found rosidl_generator_c: 3.1.7 (/opt/ros/humble/share/rosidl_generator_c/cmake)
[1.491s] -- Found rosidl_adapter: 3.1.7 (/opt/ros/humble/share/rosidl_adapter/cmake)
[1.500s] -- Found rosidl_generator_cpp: 3.1.7 (/opt/ros/humble/share/rosidl_generator_cpp/cmake)
[1.514s] -- Using all available rosidl_typesupport_c: rosidl_typesupport_fastrtps_c;rosidl_typesupport_introspection_c
[1.535s] -- Using all available rosidl_typesupport_cpp: rosidl_typesupport_fastrtps_cpp;rosidl_typesupport_introspection_cpp
[1.590s] -- Found rmw_implementation_cmake: 6.1.2 (/opt/ros/humble/share/rmw_implementation_cmake/cmake)
[1.595s] -- Found rmw_fastrtps_cpp: 6.2.9 (/opt/ros/humble/share/rmw_fastrtps_cpp/cmake)
[1.690s] -- Found OpenSSL: /usr/lib/x86_64-linux-gnu/libcrypto.so (found version "3.0.2")  
[1.716s] -- Found FastRTPS: /opt/ros/humble/include  
[1.757s] -- Using RMW implementation 'rmw_fastrtps_cpp' as default
[1.765s] -- Looking for pthread.h
[1.840s] -- Looking for pthread.h - found
[1.841s] -- Performing Test CMAKE_HAVE_LIBC_PTHREAD
[1.915s] -- Performing Test CMAKE_HAVE_LIBC_PTHREAD - Success
[1.916s] -- Found Threads: TRUE  
[2.300s] -- Found OpenCV: /usr (found version "4.5.4") 
[2.304s] -- Found PkgConfig: /usr/bin/pkg-config (found version "0.29.2") 
[2.305s] -- Checking for module 'libavcodec'
[2.319s] --   Found libavcodec, version 58.134.100
[2.356s] -- Checking for module 'libavutil'
[2.373s] --   Found libavutil, version 56.70.100
[2.414s] -- Checking for module 'libswscale'
[2.431s] --   Found libswscale, version 5.9.100
[2.474s] -- Found ament_lint_auto: 0.12.14 (/opt/ros/humble/share/ament_lint_auto/cmake)
[2.492s] -- Found gtest sources under '/opt/ros/humble/src/gtest_vendor': C++ tests using 'Google Test' will be built
[2.500s] [0mIn this package, headers install destination is set to `include` by ament_auto_package. It is recommended to install `include/usb_cam` instead and will be the default behavior of ament_auto_package from ROS 2 Kilted Kaiju. On distributions before Kilted, ament_auto_package behaves the same way when you use USE_SCOPED_HEADER_INSTALL_DIR option.[0m
[2.503s] -- Added test 'copyright' to check source files copyright and LICENSE
[2.508s] -- Added test 'cppcheck' to perform static code analysis on C / C++ code
[2.509s] -- Configured cppcheck include dirs: /home/pw/Downloads/rospw/src/usb_cam/include
[2.509s] -- Configured cppcheck exclude dirs and/or files: 
[2.514s] -- Added test 'cpplint' to check C / C++ code against the Google style
[2.514s] -- Configured cpplint exclude dirs and/or files: 
[2.515s] -- Added test 'flake8' to check Python code syntax and style conventions
[2.517s] -- Added test 'lint_cmake' to check CMake code style
[2.518s] -- Added test 'pep257' to check Python code against some of the docstring style conventions in PEP 257
[2.524s] -- Added test 'uncrustify' to check C / C++ code style
[2.524s] -- Configured uncrustify additional arguments: 
[2.525s] -- Added test 'xmllint' to check XML markup files
[2.528s] -- Configuring done
[2.561s] -- Generating done
[2.572s] -- Build files have been written to: /home/pw/Downloads/rospw/build/usb_cam
[2.586s] Invoked command in '/home/pw/Downloads/rospw/build/usb_cam' returned '0': CMAKE_PREFIX_PATH=${CMAKE_PREFIX_PATH}:/home/pw/Downloads/rospw/install/sensors_demos_gazebo:/home/pw/Downloads/rospw/install/camera_subscriber:/opt/ros/humble /usr/bin/cmake /home/pw/Downloads/rospw/src/usb_cam -DCMAKE_INSTALL_PREFIX=/home/pw/Downloads/rospw/install/usb_cam
[2.589s] Invoking command in '/home/pw/Downloads/rospw/build/usb_cam': CMAKE_PREFIX_PATH=${CMAKE_PREFIX_PATH}:/home/pw/Downloads/rospw/install/sensors_demos_gazebo:/home/pw/Downloads/rospw/install/camera_subscriber:/opt/ros/humble /usr/bin/cmake --build /home/pw/Downloads/rospw/build/usb_cam -- -j4 -l4
[2.650s] [ 21%] [32mBuilding CXX object gtest/CMakeFiles/gtest_main.dir/src/gtest_main.cc.o[0m
[2.650s] [ 21%] [32mBuilding CXX object CMakeFiles/usb_cam_node_exe.dir/rclcpp_components/node_main_usb_cam_node_exe.cpp.o[0m
[2.651s] [ 21%] [32mBuilding CXX object gtest/CMakeFiles/gtest.dir/src/gtest-all.cc.o[0m
[2.651s] [ 28%] [32mBuilding CXX object CMakeFiles/usb_cam.dir/src/usb_cam.cpp.o[0m
[4.609s] [ 35%] [32m[1mLinking CXX static library libgtest_main.a[0m
[4.661s] [ 35%] Built target gtest_main
[6.544s] [ 42%] [32m[1mLinking CXX shared library libusb_cam.so[0m
[6.950s] [ 42%] Built target usb_cam
[6.984s] [ 50%] [32mBuilding CXX object CMakeFiles/usb_cam_node.dir/src/usb_cam_node.cpp.o[0m
[7.840s] [ 57%] [32m[1mLinking CXX executable usb_cam_node_exe[0m
[8.316s] [ 57%] Built target usb_cam_node_exe
[8.495s] [ 64%] [32m[1mLinking CXX static library libgtest.a[0m
[8.556s] [ 64%] Built target gtest
[8.583s] [ 71%] [32mBuilding CXX object CMakeFiles/test_usb_cam_utils.dir/test/test_usb_cam_utils.cpp.o[0m
[8.585s] [ 78%] [32mBuilding CXX object CMakeFiles/test_pixel_formats.dir/test/test_pixel_formats.cpp.o[0m
[11.200s] [ 85%] [32m[1mLinking CXX executable test_usb_cam_utils[0m
[11.717s] [ 92%] [32m[1mLinking CXX executable test_pixel_formats[0m
[11.771s] [ 92%] Built target test_usb_cam_utils
[12.096s] [ 92%] Built target test_pixel_formats
[17.033s] [100%] [32m[1mLinking CXX shared library libusb_cam_node.so[0m
[17.645s] [100%] Built target usb_cam_node
[17.657s] Invoked command in '/home/pw/Downloads/rospw/build/usb_cam' returned '0': CMAKE_PREFIX_PATH=${CMAKE_PREFIX_PATH}:/home/pw/Downloads/rospw/install/sensors_demos_gazebo:/home/pw/Downloads/rospw/install/camera_subscriber:/opt/ros/humble /usr/bin/cmake --build /home/pw/Downloads/rospw/build/usb_cam -- -j4 -l4
[17.668s] Invoking command in '/home/pw/Downloads/rospw/build/usb_cam': CMAKE_PREFIX_PATH=${CMAKE_PREFIX_PATH}:/home/pw/Downloads/rospw/install/sensors_demos_gazebo:/home/pw/Downloads/rospw/install/camera_subscriber:/opt/ros/humble /usr/bin/cmake --install /home/pw/Downloads/rospw/build/usb_cam
[17.677s] -- Install configuration: ""
[17.677s] -- Installing: /home/pw/Downloads/rospw/install/usb_cam/share/usb_cam/environment/library_path.sh
[17.678s] -- Installing: /home/pw/Downloads/rospw/install/usb_cam/share/usb_cam/environment/library_path.dsv
[17.678s] -- Installing: /home/pw/Downloads/rospw/install/usb_cam/lib/usb_cam/usb_cam_node_exe
[17.679s] -- Set runtime path of "/home/pw/Downloads/rospw/install/usb_cam/lib/usb_cam/usb_cam_node_exe" to ""
[17.679s] -- Installing: /home/pw/Downloads/rospw/install/usb_cam/lib/usb_cam/show_image.py
[17.679s] -- Installing: /home/pw/Downloads/rospw/install/usb_cam/lib/libusb_cam.so
[17.680s] -- Installing: /home/pw/Downloads/rospw/install/usb_cam/lib/libusb_cam_node.so
[17.685s] -- Set runtime path of "/home/pw/Downloads/rospw/install/usb_cam/lib/libusb_cam_node.so" to ""
[17.685s] -- Installing: /home/pw/Downloads/rospw/install/usb_cam/include
[17.685s] -- Installing: /home/pw/Downloads/rospw/install/usb_cam/include/usb_cam
[17.685s] -- Installing: /home/pw/Downloads/rospw/install/usb_cam/include/usb_cam/usb_cam.hpp
[17.685s] -- Installing: /home/pw/Downloads/rospw/install/usb_cam/include/usb_cam/utils.hpp
[17.686s] -- Installing: /home/pw/Downloads/rospw/install/usb_cam/include/usb_cam/usb_cam_node.hpp
[17.686s] -- Installing: /home/pw/Downloads/rospw/install/usb_cam/include/usb_cam/constants.hpp
[17.686s] -- Installing: /home/pw/Downloads/rospw/install/usb_cam/include/usb_cam/formats
[17.686s] -- Installing: /home/pw/Downloads/rospw/install/usb_cam/include/usb_cam/formats/av_pixel_format_helper.hpp
[17.686s] -- Installing: /home/pw/Downloads/rospw/install/usb_cam/include/usb_cam/formats/rgb.hpp
[17.686s] -- Installing: /home/pw/Downloads/rospw/install/usb_cam/include/usb_cam/formats/utils.hpp
[17.687s] -- Installing: /home/pw/Downloads/rospw/install/usb_cam/include/usb_cam/formats/uyvy.hpp
[17.687s] -- Installing: /home/pw/Downloads/rospw/install/usb_cam/include/usb_cam/formats/yuyv.hpp
[17.687s] -- Installing: /home/pw/Downloads/rospw/install/usb_cam/include/usb_cam/formats/mjpeg.hpp
[17.687s] -- Installing: /home/pw/Downloads/rospw/install/usb_cam/include/usb_cam/formats/pixel_format_base.hpp
[17.688s] -- Installing: /home/pw/Downloads/rospw/install/usb_cam/include/usb_cam/formats/m420.hpp
[17.688s] -- Installing: /home/pw/Downloads/rospw/install/usb_cam/include/usb_cam/formats/mono.hpp
[17.688s] -- Installing: /home/pw/Downloads/rospw/install/usb_cam/include/usb_cam/conversions.hpp
[17.688s] -- Up-to-date: /home/pw/Downloads/rospw/install/usb_cam/lib/libusb_cam_node.so
[17.689s] -- Installing: /home/pw/Downloads/rospw/install/usb_cam/share/usb_cam/launch
[17.689s] -- Installing: /home/pw/Downloads/rospw/install/usb_cam/share/usb_cam/launch/__init__.py
[17.689s] -- Installing: /home/pw/Downloads/rospw/install/usb_cam/share/usb_cam/launch/camera_config.py
[17.689s] -- Installing: /home/pw/Downloads/rospw/install/usb_cam/share/usb_cam/launch/camera.launch.py
[17.689s] -- Installing: /home/pw/Downloads/rospw/install/usb_cam/share/usb_cam/config
[17.690s] -- Installing: /home/pw/Downloads/rospw/install/usb_cam/share/usb_cam/config/params_2.yaml
[17.690s] -- Installing: /home/pw/Downloads/rospw/install/usb_cam/share/usb_cam/config/camera_info.yaml
[17.690s] -- Installing: /home/pw/Downloads/rospw/install/usb_cam/share/usb_cam/config/params_1.yaml
[17.690s] -- Installing: /home/pw/Downloads/rospw/install/usb_cam/share/ament_index/resource_index/package_run_dependencies/usb_cam
[17.690s] -- Installing: /home/pw/Downloads/rospw/install/usb_cam/share/ament_index/resource_index/parent_prefix_path/usb_cam
[17.691s] -- Installing: /home/pw/Downloads/rospw/install/usb_cam/share/usb_cam/environment/ament_prefix_path.sh
[17.691s] -- Installing: /home/pw/Downloads/rospw/install/usb_cam/share/usb_cam/environment/ament_prefix_path.dsv
[17.691s] -- Installing: /home/pw/Downloads/rospw/install/usb_cam/share/usb_cam/environment/path.sh
[17.691s] -- Installing: /home/pw/Downloads/rospw/install/usb_cam/share/usb_cam/environment/path.dsv
[17.692s] -- Installing: /home/pw/Downloads/rospw/install/usb_cam/share/usb_cam/local_setup.bash
[17.692s] -- Installing: /home/pw/Downloads/rospw/install/usb_cam/share/usb_cam/local_setup.sh
[17.692s] -- Installing: /home/pw/Downloads/rospw/install/usb_cam/share/usb_cam/local_setup.zsh
[17.692s] -- Installing: /home/pw/Downloads/rospw/install/usb_cam/share/usb_cam/local_setup.dsv
[17.693s] -- Installing: /home/pw/Downloads/rospw/install/usb_cam/share/usb_cam/package.dsv
[17.693s] -- Installing: /home/pw/Downloads/rospw/install/usb_cam/share/ament_index/resource_index/packages/usb_cam
[17.693s] -- Installing: /home/pw/Downloads/rospw/install/usb_cam/share/ament_index/resource_index/rclcpp_components/usb_cam
[17.693s] -- Installing: /home/pw/Downloads/rospw/install/usb_cam/share/usb_cam/cmake/ament_cmake_export_libraries-extras.cmake
[17.694s] -- Installing: /home/pw/Downloads/rospw/install/usb_cam/share/usb_cam/cmake/ament_cmake_export_dependencies-extras.cmake
[17.694s] -- Installing: /home/pw/Downloads/rospw/install/usb_cam/share/usb_cam/cmake/ament_cmake_export_include_directories-extras.cmake
[17.694s] -- Installing: /home/pw/Downloads/rospw/install/usb_cam/share/usb_cam/cmake/usb_camConfig.cmake
[17.694s] -- Installing: /home/pw/Downloads/rospw/install/usb_cam/share/usb_cam/cmake/usb_camConfig-version.cmake
[17.694s] -- Installing: /home/pw/Downloads/rospw/install/usb_cam/share/usb_cam/package.xml
[17.697s] Invoked command in '/home/pw/Downloads/rospw/build/usb_cam' returned '0': CMAKE_PREFIX_PATH=${CMAKE_PREFIX_PATH}:/home/pw/Downloads/rospw/install/sensors_demos_gazebo:/home/pw/Downloads/rospw/install/camera_subscriber:/opt/ros/humble /usr/bin/cmake --install /home/pw/Downloads/rospw/build/usb_cam
