[0.609s] Invoking command in '/home/pw/Downloads/rospw/build/usb_cam': CMAKE_PREFIX_PATH=/opt/ros/humble /usr/bin/cmake --build /home/pw/Downloads/rospw/build/usb_cam -- -j4 -l4
[0.726s] [35m[1mConsolidate compiler generated dependencies of target usb_cam_node_exe[0m
[0.729s] [35m[1mConsolidate compiler generated dependencies of target gtest_main[0m
[0.737s] [35m[1mConsolidate compiler generated dependencies of target usb_cam[0m
[0.742s] [35m[1mConsolidate compiler generated dependencies of target gtest[0m
[0.770s] [ 14%] Built target gtest_main
[0.780s] [ 28%] Built target gtest
[0.788s] [ 42%] Built target usb_cam
[0.804s] [ 57%] Built target usb_cam_node_exe
[0.816s] [35m[1mConsolidate compiler generated dependencies of target test_usb_cam_utils[0m
[0.820s] [35m[1mConsolidate compiler generated dependencies of target test_pixel_formats[0m
[0.822s] [35m[1mConsolidate compiler generated dependencies of target usb_cam_node[0m
[0.845s] [ 71%] Built target test_usb_cam_utils
[0.856s] [ 85%] Built target test_pixel_formats
[0.868s] [100%] Built target usb_cam_node
[0.882s] Invoked command in '/home/pw/Downloads/rospw/build/usb_cam' returned '0': CMAKE_PREFIX_PATH=/opt/ros/humble /usr/bin/cmake --build /home/pw/Downloads/rospw/build/usb_cam -- -j4 -l4
[0.899s] Invoking command in '/home/pw/Downloads/rospw/build/usb_cam': CMAKE_PREFIX_PATH=/opt/ros/humble /usr/bin/cmake --install /home/pw/Downloads/rospw/build/usb_cam
[0.908s] -- Install configuration: ""
[0.909s] -- Up-to-date: /home/pw/Downloads/rospw/install/usb_cam/share/usb_cam/environment/library_path.sh
[0.909s] -- Up-to-date: /home/pw/Downloads/rospw/install/usb_cam/share/usb_cam/environment/library_path.dsv
[0.911s] -- Up-to-date: /home/pw/Downloads/rospw/install/usb_cam/lib/usb_cam/usb_cam_node_exe
[0.912s] -- Up-to-date: /home/pw/Downloads/rospw/install/usb_cam/lib/usb_cam/show_image.py
[0.913s] -- Up-to-date: /home/pw/Downloads/rospw/install/usb_cam/lib/libusb_cam.so
[0.916s] -- Up-to-date: /home/pw/Downloads/rospw/install/usb_cam/lib/libusb_cam_node.so
[0.917s] -- Up-to-date: /home/pw/Downloads/rospw/install/usb_cam/include
[0.917s] -- Up-to-date: /home/pw/Downloads/rospw/install/usb_cam/include/usb_cam
[0.917s] -- Up-to-date: /home/pw/Downloads/rospw/install/usb_cam/include/usb_cam/usb_cam.hpp
[0.917s] -- Up-to-date: /home/pw/Downloads/rospw/install/usb_cam/include/usb_cam/utils.hpp
[0.917s] -- Up-to-date: /home/pw/Downloads/rospw/install/usb_cam/include/usb_cam/usb_cam_node.hpp
[0.918s] -- Up-to-date: /home/pw/Downloads/rospw/install/usb_cam/include/usb_cam/constants.hpp
[0.918s] -- Up-to-date: /home/pw/Downloads/rospw/install/usb_cam/include/usb_cam/formats
[0.918s] -- Up-to-date: /home/pw/Downloads/rospw/install/usb_cam/include/usb_cam/formats/av_pixel_format_helper.hpp
[0.918s] -- Up-to-date: /home/pw/Downloads/rospw/install/usb_cam/include/usb_cam/formats/rgb.hpp
[0.918s] -- Up-to-date: /home/pw/Downloads/rospw/install/usb_cam/include/usb_cam/formats/utils.hpp
[0.918s] -- Up-to-date: /home/pw/Downloads/rospw/install/usb_cam/include/usb_cam/formats/uyvy.hpp
[0.918s] -- Up-to-date: /home/pw/Downloads/rospw/install/usb_cam/include/usb_cam/formats/yuyv.hpp
[0.919s] -- Up-to-date: /home/pw/Downloads/rospw/install/usb_cam/include/usb_cam/formats/mjpeg.hpp
[0.919s] -- Up-to-date: /home/pw/Downloads/rospw/install/usb_cam/include/usb_cam/formats/pixel_format_base.hpp
[0.919s] -- Up-to-date: /home/pw/Downloads/rospw/install/usb_cam/include/usb_cam/formats/m420.hpp
[0.919s] -- Up-to-date: /home/pw/Downloads/rospw/install/usb_cam/include/usb_cam/formats/mono.hpp
[0.919s] -- Up-to-date: /home/pw/Downloads/rospw/install/usb_cam/include/usb_cam/conversions.hpp
[0.919s] -- Up-to-date: /home/pw/Downloads/rospw/install/usb_cam/lib/libusb_cam_node.so
[0.919s] -- Up-to-date: /home/pw/Downloads/rospw/install/usb_cam/share/usb_cam/launch
[0.919s] -- Up-to-date: /home/pw/Downloads/rospw/install/usb_cam/share/usb_cam/launch/__init__.py
[0.920s] -- Up-to-date: /home/pw/Downloads/rospw/install/usb_cam/share/usb_cam/launch/camera_config.py
[0.920s] -- Up-to-date: /home/pw/Downloads/rospw/install/usb_cam/share/usb_cam/launch/camera.launch.py
[0.920s] -- Up-to-date: /home/pw/Downloads/rospw/install/usb_cam/share/usb_cam/config
[0.920s] -- Up-to-date: /home/pw/Downloads/rospw/install/usb_cam/share/usb_cam/config/params_2.yaml
[0.920s] -- Up-to-date: /home/pw/Downloads/rospw/install/usb_cam/share/usb_cam/config/camera_info.yaml
[0.920s] -- Up-to-date: /home/pw/Downloads/rospw/install/usb_cam/share/usb_cam/config/params_1.yaml
[0.921s] -- Up-to-date: /home/pw/Downloads/rospw/install/usb_cam/share/ament_index/resource_index/package_run_dependencies/usb_cam
[0.921s] -- Up-to-date: /home/pw/Downloads/rospw/install/usb_cam/share/ament_index/resource_index/parent_prefix_path/usb_cam
[0.921s] -- Up-to-date: /home/pw/Downloads/rospw/install/usb_cam/share/usb_cam/environment/ament_prefix_path.sh
[0.921s] -- Up-to-date: /home/pw/Downloads/rospw/install/usb_cam/share/usb_cam/environment/ament_prefix_path.dsv
[0.922s] -- Up-to-date: /home/pw/Downloads/rospw/install/usb_cam/share/usb_cam/environment/path.sh
[0.922s] -- Up-to-date: /home/pw/Downloads/rospw/install/usb_cam/share/usb_cam/environment/path.dsv
[0.922s] -- Up-to-date: /home/pw/Downloads/rospw/install/usb_cam/share/usb_cam/local_setup.bash
[0.922s] -- Up-to-date: /home/pw/Downloads/rospw/install/usb_cam/share/usb_cam/local_setup.sh
[0.922s] -- Up-to-date: /home/pw/Downloads/rospw/install/usb_cam/share/usb_cam/local_setup.zsh
[0.922s] -- Up-to-date: /home/pw/Downloads/rospw/install/usb_cam/share/usb_cam/local_setup.dsv
[0.922s] -- Installing: /home/pw/Downloads/rospw/install/usb_cam/share/usb_cam/package.dsv
[0.922s] -- Up-to-date: /home/pw/Downloads/rospw/install/usb_cam/share/ament_index/resource_index/packages/usb_cam
[0.923s] -- Up-to-date: /home/pw/Downloads/rospw/install/usb_cam/share/ament_index/resource_index/rclcpp_components/usb_cam
[0.923s] -- Up-to-date: /home/pw/Downloads/rospw/install/usb_cam/share/usb_cam/cmake/ament_cmake_export_libraries-extras.cmake
[0.923s] -- Up-to-date: /home/pw/Downloads/rospw/install/usb_cam/share/usb_cam/cmake/ament_cmake_export_dependencies-extras.cmake
[0.923s] -- Up-to-date: /home/pw/Downloads/rospw/install/usb_cam/share/usb_cam/cmake/ament_cmake_export_include_directories-extras.cmake
[0.923s] -- Up-to-date: /home/pw/Downloads/rospw/install/usb_cam/share/usb_cam/cmake/usb_camConfig.cmake
[0.923s] -- Up-to-date: /home/pw/Downloads/rospw/install/usb_cam/share/usb_cam/cmake/usb_camConfig-version.cmake
[0.923s] -- Up-to-date: /home/pw/Downloads/rospw/install/usb_cam/share/usb_cam/package.xml
[0.926s] Invoked command in '/home/pw/Downloads/rospw/build/usb_cam' returned '0': CMAKE_PREFIX_PATH=/opt/ros/humble /usr/bin/cmake --install /home/pw/Downloads/rospw/build/usb_cam
