[0.973s] Invoking command in '/home/pw/Downloads/rospw/build/usb_cam': CMAKE_PREFIX_PATH=${CMAKE_PREFIX_PATH}:/home/pw/Downloads/rospw/install/sensors_demos_gazebo:/home/pw/Downloads/rospw/install/camera_subscriber:/opt/ros/humble /usr/bin/cmake --build /home/pw/Downloads/rospw/build/usb_cam -- -j4 -l4
[1.151s] [ 14%] Built target gtest_main
[1.153s] [ 28%] Built target gtest
[1.156s] [ 42%] Built target usb_cam
[1.176s] [ 57%] Built target usb_cam_node_exe
[1.239s] [ 71%] Built target test_usb_cam_utils
[1.244s] [ 85%] Built target test_pixel_formats
[1.268s] [100%] Built target usb_cam_node
[1.296s] Invoked command in '/home/pw/Downloads/rospw/build/usb_cam' returned '0': CMAKE_PREFIX_PATH=${CMAKE_PREFIX_PATH}:/home/pw/Downloads/rospw/install/sensors_demos_gazebo:/home/pw/Downloads/rospw/install/camera_subscriber:/opt/ros/humble /usr/bin/cmake --build /home/pw/Downloads/rospw/build/usb_cam -- -j4 -l4
[1.318s] Invoking command in '/home/pw/Downloads/rospw/build/usb_cam': CMAKE_PREFIX_PATH=${CMAKE_PREFIX_PATH}:/home/pw/Downloads/rospw/install/sensors_demos_gazebo:/home/pw/Downloads/rospw/install/camera_subscriber:/opt/ros/humble /usr/bin/cmake --install /home/pw/Downloads/rospw/build/usb_cam
[1.338s] -- Install configuration: ""
[1.339s] -- Up-to-date: /home/pw/Downloads/rospw/install/usb_cam/share/usb_cam/environment/library_path.sh
[1.339s] -- Up-to-date: /home/pw/Downloads/rospw/install/usb_cam/share/usb_cam/environment/library_path.dsv
[1.340s] -- Up-to-date: /home/pw/Downloads/rospw/install/usb_cam/lib/usb_cam/usb_cam_node_exe
[1.340s] -- Up-to-date: /home/pw/Downloads/rospw/install/usb_cam/lib/usb_cam/show_image.py
[1.341s] -- Up-to-date: /home/pw/Downloads/rospw/install/usb_cam/lib/libusb_cam.so
[1.341s] -- Up-to-date: /home/pw/Downloads/rospw/install/usb_cam/lib/libusb_cam_node.so
[1.342s] -- Up-to-date: /home/pw/Downloads/rospw/install/usb_cam/include
[1.343s] -- Up-to-date: /home/pw/Downloads/rospw/install/usb_cam/include/usb_cam
[1.343s] -- Up-to-date: /home/pw/Downloads/rospw/install/usb_cam/include/usb_cam/usb_cam.hpp
[1.343s] -- Up-to-date: /home/pw/Downloads/rospw/install/usb_cam/include/usb_cam/utils.hpp
[1.344s] -- Up-to-date: /home/pw/Downloads/rospw/install/usb_cam/include/usb_cam/usb_cam_node.hpp
[1.344s] -- Up-to-date: /home/pw/Downloads/rospw/install/usb_cam/include/usb_cam/constants.hpp
[1.344s] -- Up-to-date: /home/pw/Downloads/rospw/install/usb_cam/include/usb_cam/formats
[1.345s] -- Up-to-date: /home/pw/Downloads/rospw/install/usb_cam/include/usb_cam/formats/av_pixel_format_helper.hpp
[1.345s] -- Up-to-date: /home/pw/Downloads/rospw/install/usb_cam/include/usb_cam/formats/rgb.hpp
[1.345s] -- Up-to-date: /home/pw/Downloads/rospw/install/usb_cam/include/usb_cam/formats/utils.hpp
[1.345s] -- Up-to-date: /home/pw/Downloads/rospw/install/usb_cam/include/usb_cam/formats/uyvy.hpp
[1.345s] -- Up-to-date: /home/pw/Downloads/rospw/install/usb_cam/include/usb_cam/formats/yuyv.hpp
[1.346s] -- Up-to-date: /home/pw/Downloads/rospw/install/usb_cam/include/usb_cam/formats/mjpeg.hpp
[1.346s] -- Up-to-date: /home/pw/Downloads/rospw/install/usb_cam/include/usb_cam/formats/pixel_format_base.hpp
[1.346s] -- Up-to-date: /home/pw/Downloads/rospw/install/usb_cam/include/usb_cam/formats/m420.hpp
[1.346s] -- Up-to-date: /home/pw/Downloads/rospw/install/usb_cam/include/usb_cam/formats/mono.hpp
[1.346s] -- Up-to-date: /home/pw/Downloads/rospw/install/usb_cam/include/usb_cam/conversions.hpp
[1.346s] -- Up-to-date: /home/pw/Downloads/rospw/install/usb_cam/lib/libusb_cam_node.so
[1.346s] -- Up-to-date: /home/pw/Downloads/rospw/install/usb_cam/share/usb_cam/launch
[1.346s] -- Up-to-date: /home/pw/Downloads/rospw/install/usb_cam/share/usb_cam/launch/__init__.py
[1.346s] -- Up-to-date: /home/pw/Downloads/rospw/install/usb_cam/share/usb_cam/launch/camera_config.py
[1.346s] -- Up-to-date: /home/pw/Downloads/rospw/install/usb_cam/share/usb_cam/launch/camera.launch.py
[1.347s] -- Up-to-date: /home/pw/Downloads/rospw/install/usb_cam/share/usb_cam/config
[1.347s] -- Up-to-date: /home/pw/Downloads/rospw/install/usb_cam/share/usb_cam/config/params_2.yaml
[1.347s] -- Up-to-date: /home/pw/Downloads/rospw/install/usb_cam/share/usb_cam/config/camera_info.yaml
[1.347s] -- Up-to-date: /home/pw/Downloads/rospw/install/usb_cam/share/usb_cam/config/params_1.yaml
[1.347s] -- Up-to-date: /home/pw/Downloads/rospw/install/usb_cam/share/ament_index/resource_index/package_run_dependencies/usb_cam
[1.347s] -- Up-to-date: /home/pw/Downloads/rospw/install/usb_cam/share/ament_index/resource_index/parent_prefix_path/usb_cam
[1.348s] -- Up-to-date: /home/pw/Downloads/rospw/install/usb_cam/share/usb_cam/environment/ament_prefix_path.sh
[1.348s] -- Up-to-date: /home/pw/Downloads/rospw/install/usb_cam/share/usb_cam/environment/ament_prefix_path.dsv
[1.348s] -- Up-to-date: /home/pw/Downloads/rospw/install/usb_cam/share/usb_cam/environment/path.sh
[1.348s] -- Up-to-date: /home/pw/Downloads/rospw/install/usb_cam/share/usb_cam/environment/path.dsv
[1.348s] -- Up-to-date: /home/pw/Downloads/rospw/install/usb_cam/share/usb_cam/local_setup.bash
[1.348s] -- Up-to-date: /home/pw/Downloads/rospw/install/usb_cam/share/usb_cam/local_setup.sh
[1.349s] -- Up-to-date: /home/pw/Downloads/rospw/install/usb_cam/share/usb_cam/local_setup.zsh
[1.349s] -- Up-to-date: /home/pw/Downloads/rospw/install/usb_cam/share/usb_cam/local_setup.dsv
[1.349s] -- Installing: /home/pw/Downloads/rospw/install/usb_cam/share/usb_cam/package.dsv
[1.349s] -- Up-to-date: /home/pw/Downloads/rospw/install/usb_cam/share/ament_index/resource_index/packages/usb_cam
[1.352s] -- Up-to-date: /home/pw/Downloads/rospw/install/usb_cam/share/ament_index/resource_index/rclcpp_components/usb_cam
[1.353s] -- Up-to-date: /home/pw/Downloads/rospw/install/usb_cam/share/usb_cam/cmake/ament_cmake_export_libraries-extras.cmake
[1.353s] -- Up-to-date: /home/pw/Downloads/rospw/install/usb_cam/share/usb_cam/cmake/ament_cmake_export_dependencies-extras.cmake
[1.353s] -- Up-to-date: /home/pw/Downloads/rospw/install/usb_cam/share/usb_cam/cmake/ament_cmake_export_include_directories-extras.cmake
[1.353s] -- Up-to-date: /home/pw/Downloads/rospw/install/usb_cam/share/usb_cam/cmake/usb_camConfig.cmake
[1.353s] -- Up-to-date: /home/pw/Downloads/rospw/install/usb_cam/share/usb_cam/cmake/usb_camConfig-version.cmake
[1.353s] -- Up-to-date: /home/pw/Downloads/rospw/install/usb_cam/share/usb_cam/package.xml
[1.354s] Invoked command in '/home/pw/Downloads/rospw/build/usb_cam' returned '0': CMAKE_PREFIX_PATH=${CMAKE_PREFIX_PATH}:/home/pw/Downloads/rospw/install/sensors_demos_gazebo:/home/pw/Downloads/rospw/install/camera_subscriber:/opt/ros/humble /usr/bin/cmake --install /home/pw/Downloads/rospw/build/usb_cam
