[0.101s] DEBUG:colcon:Command line arguments: ['/usr/bin/colcon', 'build']
[0.101s] DEBUG:colcon:Parsed command line arguments: Namespace(log_base=None, log_level=None, verb_name='build', build_base='build', install_base='install', merge_install=False, symlink_install=False, test_result_base=None, continue_on_error=False, executor='parallel', parallel_workers=4, event_handlers=None, ignore_user_meta=False, metas=['./colcon.meta'], base_paths=['.'], packages_ignore=None, packages_ignore_regex=None, paths=None, packages_up_to=None, packages_up_to_regex=None, packages_above=None, packages_above_and_dependencies=None, packages_above_depth=None, packages_select_by_dep=None, packages_skip_by_dep=None, packages_skip_up_to=None, packages_select_build_failed=False, packages_skip_build_finished=False, packages_select_test_failures=False, packages_skip_test_passed=False, packages_select=None, packages_skip=None, packages_select_regex=None, packages_skip_regex=None, packages_start=None, packages_end=None, allow_overriding=[], cmake_args=None, cmake_target=None, cmake_target_skip_unavailable=False, cmake_clean_cache=False, cmake_clean_first=False, cmake_force_configure=False, ament_cmake_args=None, catkin_cmake_args=None, catkin_skip_building_tests=False, verb_parser=<colcon_defaults.argument_parser.defaults.DefaultArgumentsDecorator object at 0x7f338a0624a0>, verb_extension=<colcon_core.verb.build.BuildVerb object at 0x7f338a1dfd60>, main=<bound method BuildVerb.main of <colcon_core.verb.build.BuildVerb object at 0x7f338a1dfd60>>)
[0.138s] Level 1:colcon.colcon_core.package_discovery:discover_packages(colcon_meta) check parameters
[0.138s] Level 1:colcon.colcon_core.package_discovery:discover_packages(recursive) check parameters
[0.138s] Level 1:colcon.colcon_core.package_discovery:discover_packages(ignore) check parameters
[0.139s] Level 1:colcon.colcon_core.package_discovery:discover_packages(path) check parameters
[0.139s] Level 1:colcon.colcon_core.package_discovery:discover_packages(colcon_meta) discover
[0.139s] Level 1:colcon.colcon_core.package_discovery:discover_packages(recursive) discover
[0.139s] INFO:colcon.colcon_core.package_discovery:Crawling recursively for packages in '/home/student/rospw/src'
[0.139s] Level 1:colcon.colcon_core.package_identification:_identify(.) by extensions ['ignore', 'ignore_ament_install']
[0.139s] Level 1:colcon.colcon_core.package_identification:_identify(.) by extension 'ignore'
[0.139s] Level 1:colcon.colcon_core.package_identification:_identify(.) by extension 'ignore_ament_install'
[0.139s] Level 1:colcon.colcon_core.package_identification:_identify(.) by extensions ['colcon_pkg']
[0.139s] Level 1:colcon.colcon_core.package_identification:_identify(.) by extension 'colcon_pkg'
[0.139s] Level 1:colcon.colcon_core.package_identification:_identify(.) by extensions ['colcon_meta']
[0.139s] Level 1:colcon.colcon_core.package_identification:_identify(.) by extension 'colcon_meta'
[0.139s] Level 1:colcon.colcon_core.package_identification:_identify(.) by extensions ['ros']
[0.139s] Level 1:colcon.colcon_core.package_identification:_identify(.) by extension 'ros'
[0.153s] Level 1:colcon.colcon_core.package_identification:_identify(.) by extensions ['cmake', 'python']
[0.153s] Level 1:colcon.colcon_core.package_identification:_identify(.) by extension 'cmake'
[0.153s] Level 1:colcon.colcon_core.package_identification:_identify(.) by extension 'python'
[0.153s] Level 1:colcon.colcon_core.package_identification:_identify(.) by extensions ['python_setup_py']
[0.153s] Level 1:colcon.colcon_core.package_identification:_identify(.) by extension 'python_setup_py'
[0.153s] Level 1:colcon.colcon_core.package_identification:_identify(build) by extensions ['ignore', 'ignore_ament_install']
[0.153s] Level 1:colcon.colcon_core.package_identification:_identify(build) by extension 'ignore'
[0.153s] Level 1:colcon.colcon_core.package_identification:_identify(build) ignored
[0.154s] Level 1:colcon.colcon_core.package_identification:_identify(camera_subscriber) by extensions ['ignore', 'ignore_ament_install']
[0.154s] Level 1:colcon.colcon_core.package_identification:_identify(camera_subscriber) by extension 'ignore'
[0.154s] Level 1:colcon.colcon_core.package_identification:_identify(camera_subscriber) by extension 'ignore_ament_install'
[0.154s] Level 1:colcon.colcon_core.package_identification:_identify(camera_subscriber) by extensions ['colcon_pkg']
[0.154s] Level 1:colcon.colcon_core.package_identification:_identify(camera_subscriber) by extension 'colcon_pkg'
[0.154s] Level 1:colcon.colcon_core.package_identification:_identify(camera_subscriber) by extensions ['colcon_meta']
[0.154s] Level 1:colcon.colcon_core.package_identification:_identify(camera_subscriber) by extension 'colcon_meta'
[0.154s] Level 1:colcon.colcon_core.package_identification:_identify(camera_subscriber) by extensions ['ros']
[0.154s] Level 1:colcon.colcon_core.package_identification:_identify(camera_subscriber) by extension 'ros'
[0.156s] DEBUG:colcon.colcon_core.package_identification:Found ROS schema reference in package manifest in 'camera_subscriber'
[0.156s] WARNING:colcon.colcon_core.package_identification:Failed to parse ROS package manifest in 'camera_subscriber': Error(s) in package 'camera_subscriber/package.xml':
Invalid email "a" for person "student"
[0.157s] Level 1:colcon.colcon_core.package_identification:_identify(camera_subscriber) by extensions ['cmake', 'python']
[0.157s] Level 1:colcon.colcon_core.package_identification:_identify(camera_subscriber) by extension 'cmake'
[0.157s] Level 1:colcon.colcon_core.package_identification:_identify(camera_subscriber) by extension 'python'
[0.157s] DEBUG:colcon.colcon_core.package_identification:Python package in 'camera_subscriber' passes arguments to the setup() function which requires a different identification extension than 'python'
[0.157s] Level 1:colcon.colcon_core.package_identification:_identify(camera_subscriber) by extensions ['python_setup_py']
[0.157s] Level 1:colcon.colcon_core.package_identification:_identify(camera_subscriber) by extension 'python_setup_py'
[0.357s] DEBUG:colcon.colcon_core.package_identification:Package 'camera_subscriber' with type 'python' and name 'camera_subscriber'
[0.357s] Level 1:colcon.colcon_core.package_identification:_identify(install) by extensions ['ignore', 'ignore_ament_install']
[0.357s] Level 1:colcon.colcon_core.package_identification:_identify(install) by extension 'ignore'
[0.357s] Level 1:colcon.colcon_core.package_identification:_identify(install) ignored
[0.357s] Level 1:colcon.colcon_core.package_identification:_identify(log) by extensions ['ignore', 'ignore_ament_install']
[0.357s] Level 1:colcon.colcon_core.package_identification:_identify(log) by extension 'ignore'
[0.357s] Level 1:colcon.colcon_core.package_identification:_identify(log) ignored
[0.357s] Level 1:colcon.colcon_core.package_identification:_identify(sensors_demos_gazebo) by extensions ['ignore', 'ignore_ament_install']
[0.358s] Level 1:colcon.colcon_core.package_identification:_identify(sensors_demos_gazebo) by extension 'ignore'
[0.358s] Level 1:colcon.colcon_core.package_identification:_identify(sensors_demos_gazebo) by extension 'ignore_ament_install'
[0.358s] Level 1:colcon.colcon_core.package_identification:_identify(sensors_demos_gazebo) by extensions ['colcon_pkg']
[0.358s] Level 1:colcon.colcon_core.package_identification:_identify(sensors_demos_gazebo) by extension 'colcon_pkg'
[0.358s] Level 1:colcon.colcon_core.package_identification:_identify(sensors_demos_gazebo) by extensions ['colcon_meta']
[0.358s] Level 1:colcon.colcon_core.package_identification:_identify(sensors_demos_gazebo) by extension 'colcon_meta'
[0.358s] Level 1:colcon.colcon_core.package_identification:_identify(sensors_demos_gazebo) by extensions ['ros']
[0.358s] Level 1:colcon.colcon_core.package_identification:_identify(sensors_demos_gazebo) by extension 'ros'
[0.359s] DEBUG:colcon.colcon_core.package_identification:Package 'sensors_demos_gazebo' with type 'ros.ament_python' and name 'sensors_demos_gazebo'
[0.359s] Level 1:colcon.colcon_core.package_discovery:discover_packages(recursive) using defaults
[0.359s] Level 1:colcon.colcon_core.package_discovery:discover_packages(ignore) discover
[0.359s] Level 1:colcon.colcon_core.package_discovery:discover_packages(ignore) using defaults
[0.359s] Level 1:colcon.colcon_core.package_discovery:discover_packages(path) discover
[0.359s] Level 1:colcon.colcon_core.package_discovery:discover_packages(path) using defaults
[0.378s] Level 1:colcon.colcon_core.package_discovery:discover_packages(prefix_path) check parameters
[0.378s] Level 1:colcon.colcon_core.package_discovery:discover_packages(prefix_path) discover
[0.381s] DEBUG:colcon.colcon_installed_package_information.package_discovery:Found 450 installed packages in /opt/ros/humble
[0.383s] Level 1:colcon.colcon_core.package_discovery:discover_packages(prefix_path) using defaults
[0.436s] Level 5:colcon.colcon_core.verb:set package 'camera_subscriber' build argument 'cmake_args' from command line to 'None'
[0.436s] Level 5:colcon.colcon_core.verb:set package 'camera_subscriber' build argument 'cmake_target' from command line to 'None'
[0.436s] Level 5:colcon.colcon_core.verb:set package 'camera_subscriber' build argument 'cmake_target_skip_unavailable' from command line to 'False'
[0.436s] Level 5:colcon.colcon_core.verb:set package 'camera_subscriber' build argument 'cmake_clean_cache' from command line to 'False'
[0.436s] Level 5:colcon.colcon_core.verb:set package 'camera_subscriber' build argument 'cmake_clean_first' from command line to 'False'
[0.436s] Level 5:colcon.colcon_core.verb:set package 'camera_subscriber' build argument 'cmake_force_configure' from command line to 'False'
[0.436s] Level 5:colcon.colcon_core.verb:set package 'camera_subscriber' build argument 'ament_cmake_args' from command line to 'None'
[0.436s] Level 5:colcon.colcon_core.verb:set package 'camera_subscriber' build argument 'catkin_cmake_args' from command line to 'None'
[0.436s] Level 5:colcon.colcon_core.verb:set package 'camera_subscriber' build argument 'catkin_skip_building_tests' from command line to 'False'
[0.436s] DEBUG:colcon.colcon_core.verb:Building package 'camera_subscriber' with the following arguments: {'ament_cmake_args': None, 'build_base': '/home/student/rospw/src/build/camera_subscriber', 'catkin_cmake_args': None, 'catkin_skip_building_tests': False, 'cmake_args': None, 'cmake_clean_cache': False, 'cmake_clean_first': False, 'cmake_force_configure': False, 'cmake_target': None, 'cmake_target_skip_unavailable': False, 'install_base': '/home/student/rospw/src/install/camera_subscriber', 'merge_install': False, 'path': '/home/student/rospw/src/camera_subscriber', 'symlink_install': False, 'test_result_base': None}
[0.436s] Level 5:colcon.colcon_core.verb:set package 'sensors_demos_gazebo' build argument 'cmake_args' from command line to 'None'
[0.436s] Level 5:colcon.colcon_core.verb:set package 'sensors_demos_gazebo' build argument 'cmake_target' from command line to 'None'
[0.436s] Level 5:colcon.colcon_core.verb:set package 'sensors_demos_gazebo' build argument 'cmake_target_skip_unavailable' from command line to 'False'
[0.437s] Level 5:colcon.colcon_core.verb:set package 'sensors_demos_gazebo' build argument 'cmake_clean_cache' from command line to 'False'
[0.437s] Level 5:colcon.colcon_core.verb:set package 'sensors_demos_gazebo' build argument 'cmake_clean_first' from command line to 'False'
[0.437s] Level 5:colcon.colcon_core.verb:set package 'sensors_demos_gazebo' build argument 'cmake_force_configure' from command line to 'False'
[0.437s] Level 5:colcon.colcon_core.verb:set package 'sensors_demos_gazebo' build argument 'ament_cmake_args' from command line to 'None'
[0.437s] Level 5:colcon.colcon_core.verb:set package 'sensors_demos_gazebo' build argument 'catkin_cmake_args' from command line to 'None'
[0.437s] Level 5:colcon.colcon_core.verb:set package 'sensors_demos_gazebo' build argument 'catkin_skip_building_tests' from command line to 'False'
[0.437s] DEBUG:colcon.colcon_core.verb:Building package 'sensors_demos_gazebo' with the following arguments: {'ament_cmake_args': None, 'build_base': '/home/student/rospw/src/build/sensors_demos_gazebo', 'catkin_cmake_args': None, 'catkin_skip_building_tests': False, 'cmake_args': None, 'cmake_clean_cache': False, 'cmake_clean_first': False, 'cmake_force_configure': False, 'cmake_target': None, 'cmake_target_skip_unavailable': False, 'install_base': '/home/student/rospw/src/install/sensors_demos_gazebo', 'merge_install': False, 'path': '/home/student/rospw/src/sensors_demos_gazebo', 'symlink_install': False, 'test_result_base': None}
[0.437s] INFO:colcon.colcon_core.executor:Executing jobs using 'parallel' executor
[0.438s] DEBUG:colcon.colcon_parallel_executor.executor.parallel:run_until_complete
[0.438s] INFO:colcon.colcon_core.task.python.build:Building Python package in '/home/student/rospw/src/camera_subscriber'
[0.440s] INFO:colcon.colcon_core.plugin_system:Skipping extension 'colcon_core.shell.bat': Not used on non-Windows systems
[0.440s] INFO:colcon.colcon_core.shell:Skip shell extension 'powershell' for command environment: Not usable outside of PowerShell
[0.440s] DEBUG:colcon.colcon_core.shell:Skip shell extension 'dsv' for command environment
[0.443s] INFO:colcon.colcon_ros.task.ament_python.build:Building ROS package in '/home/student/rospw/src/sensors_demos_gazebo' with build type 'ament_python'
[0.443s] Level 1:colcon.colcon_core.shell:create_environment_hook('sensors_demos_gazebo', 'ament_prefix_path')
[0.444s] INFO:colcon.colcon_core.shell:Creating environment hook '/home/student/rospw/src/install/sensors_demos_gazebo/share/sensors_demos_gazebo/hook/ament_prefix_path.ps1'
[0.444s] INFO:colcon.colcon_core.shell:Creating environment descriptor '/home/student/rospw/src/install/sensors_demos_gazebo/share/sensors_demos_gazebo/hook/ament_prefix_path.dsv'
[0.445s] INFO:colcon.colcon_core.shell:Creating environment hook '/home/student/rospw/src/install/sensors_demos_gazebo/share/sensors_demos_gazebo/hook/ament_prefix_path.sh'
[0.446s] INFO:colcon.colcon_core.shell:Skip shell extension 'powershell' for command environment: Not usable outside of PowerShell
[0.446s] DEBUG:colcon.colcon_core.shell:Skip shell extension 'dsv' for command environment
[0.863s] INFO:colcon.colcon_core.task.python.build:Building Python package in '/home/student/rospw/src/sensors_demos_gazebo'
[0.863s] INFO:colcon.colcon_core.shell:Skip shell extension 'powershell' for command environment: Not usable outside of PowerShell
[0.863s] DEBUG:colcon.colcon_core.shell:Skip shell extension 'dsv' for command environment
[1.206s] DEBUG:colcon.colcon_core.event_handler.log_command:Invoking command in '/home/student/rospw/src/camera_subscriber': PYTHONPATH=/home/student/rospw/src/build/camera_subscriber/prefix_override:/usr/lib/python3/dist-packages/colcon_core/task/python/colcon_distutils_commands:/home/student/rospw/src/install/camera_subscriber/lib/python3.10/site-packages:${PYTHONPATH} /usr/bin/python3 -W ignore:setup.py install is deprecated -W ignore:easy_install command is deprecated setup.py egg_info --egg-base ../build/camera_subscriber build --build-base /home/student/rospw/src/build/camera_subscriber/build install --record /home/student/rospw/src/build/camera_subscriber/install.log --single-version-externally-managed install_data
[1.428s] DEBUG:colcon.colcon_core.event_handler.log_command:Invoking command in '/home/student/rospw/src/sensors_demos_gazebo': PYTHONPATH=/home/student/rospw/src/build/sensors_demos_gazebo/prefix_override:/usr/lib/python3/dist-packages/colcon_core/task/python/colcon_distutils_commands:/home/student/rospw/src/install/sensors_demos_gazebo/lib/python3.10/site-packages:${PYTHONPATH} /usr/bin/python3 -W ignore:setup.py install is deprecated -W ignore:easy_install command is deprecated setup.py egg_info --egg-base ../build/sensors_demos_gazebo build --build-base /home/student/rospw/src/build/sensors_demos_gazebo/build install --record /home/student/rospw/src/build/sensors_demos_gazebo/install.log --install-scripts $base/lib/sensors_demos_gazebo --single-version-externally-managed install_data
[1.723s] DEBUG:colcon.colcon_core.event_handler.log_command:Invoked command in '/home/student/rospw/src/camera_subscriber' returned '0': PYTHONPATH=/home/student/rospw/src/build/camera_subscriber/prefix_override:/usr/lib/python3/dist-packages/colcon_core/task/python/colcon_distutils_commands:/home/student/rospw/src/install/camera_subscriber/lib/python3.10/site-packages:${PYTHONPATH} /usr/bin/python3 -W ignore:setup.py install is deprecated -W ignore:easy_install command is deprecated setup.py egg_info --egg-base ../build/camera_subscriber build --build-base /home/student/rospw/src/build/camera_subscriber/build install --record /home/student/rospw/src/build/camera_subscriber/install.log --single-version-externally-managed install_data
[1.725s] Level 1:colcon.colcon_core.environment:checking '/home/student/rospw/src/install/camera_subscriber' for CMake module files
[1.725s] Level 1:colcon.colcon_core.environment:checking '/home/student/rospw/src/install/camera_subscriber' for CMake config files
[1.726s] Level 1:colcon.colcon_core.environment:checking '/home/student/rospw/src/install/camera_subscriber/lib'
[1.726s] Level 1:colcon.colcon_core.environment:checking '/home/student/rospw/src/install/camera_subscriber/bin'
[1.726s] Level 1:colcon.colcon_core.environment:checking '/home/student/rospw/src/install/camera_subscriber/lib/pkgconfig/camera_subscriber.pc'
[1.727s] Level 1:colcon.colcon_core.environment:checking '/home/student/rospw/src/install/camera_subscriber/lib/python3.10/site-packages'
[1.727s] Level 1:colcon.colcon_core.shell:create_environment_hook('camera_subscriber', 'pythonpath')
[1.727s] INFO:colcon.colcon_core.shell:Creating environment hook '/home/student/rospw/src/install/camera_subscriber/share/camera_subscriber/hook/pythonpath.ps1'
[1.727s] INFO:colcon.colcon_core.shell:Creating environment descriptor '/home/student/rospw/src/install/camera_subscriber/share/camera_subscriber/hook/pythonpath.dsv'
[1.727s] INFO:colcon.colcon_core.shell:Creating environment hook '/home/student/rospw/src/install/camera_subscriber/share/camera_subscriber/hook/pythonpath.sh'
[1.728s] Level 1:colcon.colcon_core.environment:checking '/home/student/rospw/src/install/camera_subscriber/bin'
[1.728s] Level 1:colcon.colcon_core.environment:create_environment_scripts_only(camera_subscriber)
[1.728s] INFO:colcon.colcon_core.shell:Creating package script '/home/student/rospw/src/install/camera_subscriber/share/camera_subscriber/package.ps1'
[1.729s] INFO:colcon.colcon_core.shell:Creating package descriptor '/home/student/rospw/src/install/camera_subscriber/share/camera_subscriber/package.dsv'
[1.731s] INFO:colcon.colcon_core.shell:Creating package script '/home/student/rospw/src/install/camera_subscriber/share/camera_subscriber/package.sh'
[1.731s] INFO:colcon.colcon_core.shell:Creating package script '/home/student/rospw/src/install/camera_subscriber/share/camera_subscriber/package.bash'
[1.732s] INFO:colcon.colcon_core.shell:Creating package script '/home/student/rospw/src/install/camera_subscriber/share/camera_subscriber/package.zsh'
[1.741s] Level 1:colcon.colcon_core.environment:create_file_with_runtime_dependencies(/home/student/rospw/src/install/camera_subscriber/share/colcon-core/packages/camera_subscriber)
[1.939s] Level 1:colcon.colcon_core.environment:checking '/home/student/rospw/src/install/sensors_demos_gazebo' for CMake module files
[1.940s] DEBUG:colcon.colcon_core.event_handler.log_command:Invoked command in '/home/student/rospw/src/sensors_demos_gazebo' returned '0': PYTHONPATH=/home/student/rospw/src/build/sensors_demos_gazebo/prefix_override:/usr/lib/python3/dist-packages/colcon_core/task/python/colcon_distutils_commands:/home/student/rospw/src/install/sensors_demos_gazebo/lib/python3.10/site-packages:${PYTHONPATH} /usr/bin/python3 -W ignore:setup.py install is deprecated -W ignore:easy_install command is deprecated setup.py egg_info --egg-base ../build/sensors_demos_gazebo build --build-base /home/student/rospw/src/build/sensors_demos_gazebo/build install --record /home/student/rospw/src/build/sensors_demos_gazebo/install.log --install-scripts $base/lib/sensors_demos_gazebo --single-version-externally-managed install_data
[1.940s] Level 1:colcon.colcon_core.environment:checking '/home/student/rospw/src/install/sensors_demos_gazebo' for CMake config files
[1.940s] Level 1:colcon.colcon_core.environment:checking '/home/student/rospw/src/install/sensors_demos_gazebo/lib'
[1.941s] Level 1:colcon.colcon_core.environment:checking '/home/student/rospw/src/install/sensors_demos_gazebo/bin'
[1.941s] Level 1:colcon.colcon_core.environment:checking '/home/student/rospw/src/install/sensors_demos_gazebo/lib/pkgconfig/sensors_demos_gazebo.pc'
[1.941s] Level 1:colcon.colcon_core.environment:checking '/home/student/rospw/src/install/sensors_demos_gazebo/lib/python3.10/site-packages'
[1.941s] Level 1:colcon.colcon_core.shell:create_environment_hook('sensors_demos_gazebo', 'pythonpath')
[1.941s] INFO:colcon.colcon_core.shell:Creating environment hook '/home/student/rospw/src/install/sensors_demos_gazebo/share/sensors_demos_gazebo/hook/pythonpath.ps1'
[1.942s] INFO:colcon.colcon_core.shell:Creating environment descriptor '/home/student/rospw/src/install/sensors_demos_gazebo/share/sensors_demos_gazebo/hook/pythonpath.dsv'
[1.942s] INFO:colcon.colcon_core.shell:Creating environment hook '/home/student/rospw/src/install/sensors_demos_gazebo/share/sensors_demos_gazebo/hook/pythonpath.sh'
[1.943s] Level 1:colcon.colcon_core.environment:checking '/home/student/rospw/src/install/sensors_demos_gazebo/bin'
[1.943s] Level 1:colcon.colcon_core.environment:create_environment_scripts_only(sensors_demos_gazebo)
[1.943s] INFO:colcon.colcon_core.shell:Creating package script '/home/student/rospw/src/install/sensors_demos_gazebo/share/sensors_demos_gazebo/package.ps1'
[1.943s] INFO:colcon.colcon_core.shell:Creating package descriptor '/home/student/rospw/src/install/sensors_demos_gazebo/share/sensors_demos_gazebo/package.dsv'
[1.944s] INFO:colcon.colcon_core.shell:Creating package script '/home/student/rospw/src/install/sensors_demos_gazebo/share/sensors_demos_gazebo/package.sh'
[1.944s] INFO:colcon.colcon_core.shell:Creating package script '/home/student/rospw/src/install/sensors_demos_gazebo/share/sensors_demos_gazebo/package.bash'
[1.945s] INFO:colcon.colcon_core.shell:Creating package script '/home/student/rospw/src/install/sensors_demos_gazebo/share/sensors_demos_gazebo/package.zsh'
[1.945s] Level 1:colcon.colcon_core.environment:create_file_with_runtime_dependencies(/home/student/rospw/src/install/sensors_demos_gazebo/share/colcon-core/packages/sensors_demos_gazebo)
[1.945s] DEBUG:colcon.colcon_parallel_executor.executor.parallel:closing loop
[1.946s] DEBUG:colcon.colcon_parallel_executor.executor.parallel:loop closed
[1.946s] DEBUG:colcon.colcon_parallel_executor.executor.parallel:run_until_complete finished with '0'
[1.946s] DEBUG:colcon.colcon_core.event_reactor:joining thread
[1.950s] INFO:colcon.colcon_core.plugin_system:Skipping extension 'colcon_notification.desktop_notification.terminal_notifier': Not used on non-Darwin systems
[1.950s] INFO:colcon.colcon_core.plugin_system:Skipping extension 'colcon_notification.desktop_notification.win32': Not used on non-Windows systems
[1.950s] INFO:colcon.colcon_notification.desktop_notification:Sending desktop notification using 'notify2'
[1.963s] DEBUG:colcon.colcon_core.event_reactor:joined thread
[1.963s] INFO:colcon.colcon_core.shell:Creating prefix script '/home/student/rospw/src/install/local_setup.ps1'
[1.964s] INFO:colcon.colcon_core.shell:Creating prefix util module '/home/student/rospw/src/install/_local_setup_util_ps1.py'
[1.966s] INFO:colcon.colcon_core.shell:Creating prefix chain script '/home/student/rospw/src/install/setup.ps1'
[1.966s] INFO:colcon.colcon_core.shell:Creating prefix script '/home/student/rospw/src/install/local_setup.sh'
[1.967s] INFO:colcon.colcon_core.shell:Creating prefix util module '/home/student/rospw/src/install/_local_setup_util_sh.py'
[1.967s] INFO:colcon.colcon_core.shell:Creating prefix chain script '/home/student/rospw/src/install/setup.sh'
[1.968s] INFO:colcon.colcon_core.shell:Creating prefix script '/home/student/rospw/src/install/local_setup.bash'
[1.969s] INFO:colcon.colcon_core.shell:Creating prefix chain script '/home/student/rospw/src/install/setup.bash'
[1.970s] INFO:colcon.colcon_core.shell:Creating prefix script '/home/student/rospw/src/install/local_setup.zsh'
[1.970s] INFO:colcon.colcon_core.shell:Creating prefix chain script '/home/student/rospw/src/install/setup.zsh'
