running egg_info
creating ../build/sensors_demos_gazebo/sensors_demos_gazebo.egg-info
writing ../build/sensors_demos_gazebo/sensors_demos_gazebo.egg-info/PKG-INFO
writing dependency_links to ../build/sensors_demos_gazebo/sensors_demos_gazebo.egg-info/dependency_links.txt
writing requirements to ../build/sensors_demos_gazebo/sensors_demos_gazebo.egg-info/requires.txt
writing top-level names to ../build/sensors_demos_gazebo/sensors_demos_gazebo.egg-info/top_level.txt
writing manifest file '../build/sensors_demos_gazebo/sensors_demos_gazebo.egg-info/SOURCES.txt'
reading manifest file '../build/sensors_demos_gazebo/sensors_demos_gazebo.egg-info/SOURCES.txt'
writing manifest file '../build/sensors_demos_gazebo/sensors_demos_gazebo.egg-info/SOURCES.txt'
running build
running build_py
creating /home/student/rospw/src/build/sensors_demos_gazebo/build
creating /home/student/rospw/src/build/sensors_demos_gazebo/build/lib
creating /home/student/rospw/src/build/sensors_demos_gazebo/build/lib/sensors_demos_gazebo
copying sensors_demos_gazebo/__init__.py -> /home/student/rospw/src/build/sensors_demos_gazebo/build/lib/sensors_demos_gazebo
running install
running install_lib
creating /home/student/rospw/src/install/sensors_demos_gazebo/lib/python3.10/site-packages/sensors_demos_gazebo
copying /home/student/rospw/src/build/sensors_demos_gazebo/build/lib/sensors_demos_gazebo/__init__.py -> /home/student/rospw/src/install/sensors_demos_gazebo/lib/python3.10/site-packages/sensors_demos_gazebo
byte-compiling /home/student/rospw/src/install/sensors_demos_gazebo/lib/python3.10/site-packages/sensors_demos_gazebo/__init__.py to __init__.cpython-310.pyc
running install_data
creating /home/student/rospw/src/install/sensors_demos_gazebo/share/ament_index
creating /home/student/rospw/src/install/sensors_demos_gazebo/share/ament_index/resource_index
creating /home/student/rospw/src/install/sensors_demos_gazebo/share/ament_index/resource_index/packages
copying resource/sensors_demos_gazebo -> /home/student/rospw/src/install/sensors_demos_gazebo/share/ament_index/resource_index/packages
copying package.xml -> /home/student/rospw/src/install/sensors_demos_gazebo/share/sensors_demos_gazebo
copying launch/kinect_launch.py -> /home/student/rospw/src/install/sensors_demos_gazebo/share/sensors_demos_gazebo
copying launch/hokuyo_launch.py -> /home/student/rospw/src/install/sensors_demos_gazebo/share/sensors_demos_gazebo
copying launch/ultrasonic_launch.py -> /home/student/rospw/src/install/sensors_demos_gazebo/share/sensors_demos_gazebo
copying launch/imu_launch.py -> /home/student/rospw/src/install/sensors_demos_gazebo/share/sensors_demos_gazebo
copying urdf/ultrasonic.urdf.xacro -> /home/student/rospw/src/install/sensors_demos_gazebo/share/sensors_demos_gazebo
copying urdf/kinect.urdf.xacro -> /home/student/rospw/src/install/sensors_demos_gazebo/share/sensors_demos_gazebo
copying urdf/imu.urdf.xacro -> /home/student/rospw/src/install/sensors_demos_gazebo/share/sensors_demos_gazebo
copying urdf/hokuyo.urdf.xacro -> /home/student/rospw/src/install/sensors_demos_gazebo/share/sensors_demos_gazebo
creating /home/student/rospw/src/install/sensors_demos_gazebo/share/sensors_demos_gazebo/meshes
copying meshes/kinect.dae -> /home/student/rospw/src/install/sensors_demos_gazebo/share/sensors_demos_gazebo/meshes
copying meshes/utm30.dae -> /home/student/rospw/src/install/sensors_demos_gazebo/share/sensors_demos_gazebo/meshes
running install_egg_info
Copying ../build/sensors_demos_gazebo/sensors_demos_gazebo.egg-info to /home/student/rospw/src/install/sensors_demos_gazebo/lib/python3.10/site-packages/sensors_demos_gazebo-0.0.0-py3.10.egg-info
running install_scripts
writing list of installed files to '/home/student/rospw/src/build/sensors_demos_gazebo/install.log'
