[0.986s] Invoking command in '/home/student/rospw/src/sensors_demos_gazebo': PYTHONPATH=/home/student/rospw/src/build/sensors_demos_gazebo/prefix_override:/usr/lib/python3/dist-packages/colcon_core/task/python/colcon_distutils_commands:/home/student/rospw/src/install/sensors_demos_gazebo/lib/python3.10/site-packages:${PYTHONPATH} /usr/bin/python3 -W ignore:setup.py install is deprecated -W ignore:easy_install command is deprecated setup.py egg_info --egg-base ../build/sensors_demos_gazebo build --build-base /home/student/rospw/src/build/sensors_demos_gazebo/build install --record /home/student/rospw/src/build/sensors_demos_gazebo/install.log --install-scripts $base/lib/sensors_demos_gazebo --single-version-externally-managed install_data
[1.118s] /home/student/.local/lib/python3.10/site-packages/setuptools/dist.py:476: SetuptoolsDeprecationWarning: Invalid dash-separated options
[1.118s] !!
[1.118s] 
[1.118s]         ********************************************************************************
[1.118s]         Usage of dash-separated 'script-dir' will not be supported in future
[1.119s]         versions. Please use the underscore name 'script_dir' instead.
[1.119s] 
[1.119s]         This deprecation is overdue, please update your project and remove deprecated
[1.119s]         calls to avoid build errors in the future.
[1.119s] 
[1.119s]         See https://setuptools.pypa.io/en/latest/userguide/declarative_config.html for details.
[1.119s]         ********************************************************************************
[1.119s] 
[1.119s] !!
[1.119s]   opt = self.warn_dash_deprecation(opt, section)
[1.235s] running egg_info
[1.252s] writing ../build/sensors_demos_gazebo/sensors_demos_gazebo.egg-info/PKG-INFO
[1.252s] writing dependency_links to ../build/sensors_demos_gazebo/sensors_demos_gazebo.egg-info/dependency_links.txt
[1.253s] writing requirements to ../build/sensors_demos_gazebo/sensors_demos_gazebo.egg-info/requires.txt
[1.253s] writing top-level names to ../build/sensors_demos_gazebo/sensors_demos_gazebo.egg-info/top_level.txt
[1.286s] reading manifest file '../build/sensors_demos_gazebo/sensors_demos_gazebo.egg-info/SOURCES.txt'
[1.287s] writing manifest file '../build/sensors_demos_gazebo/sensors_demos_gazebo.egg-info/SOURCES.txt'
[1.287s] running build
[1.287s] running build_py
[1.287s] copying sensors_demos_gazebo/__init__.py -> /home/student/rospw/src/build/sensors_demos_gazebo/build/lib/sensors_demos_gazebo
[1.287s] running install
[1.293s] running install_lib
[1.310s] running install_data
[1.310s] copying resource/sensors_demos_gazebo -> /home/student/rospw/src/install/sensors_demos_gazebo/share/ament_index/resource_index/packages
[1.310s] copying package.xml -> /home/student/rospw/src/install/sensors_demos_gazebo/share/sensors_demos_gazebo
[1.310s] copying launch/kinect_launch.py -> /home/student/rospw/src/install/sensors_demos_gazebo/share/sensors_demos_gazebo
[1.310s] copying launch/hokuyo_launch.py -> /home/student/rospw/src/install/sensors_demos_gazebo/share/sensors_demos_gazebo
[1.310s] copying launch/ultrasonic_launch.py -> /home/student/rospw/src/install/sensors_demos_gazebo/share/sensors_demos_gazebo
[1.311s] copying launch/imu_launch.py -> /home/student/rospw/src/install/sensors_demos_gazebo/share/sensors_demos_gazebo
[1.311s] copying urdf/ultrasonic.urdf.xacro -> /home/student/rospw/src/install/sensors_demos_gazebo/share/sensors_demos_gazebo
[1.311s] copying urdf/kinect.urdf.xacro -> /home/student/rospw/src/install/sensors_demos_gazebo/share/sensors_demos_gazebo
[1.311s] copying urdf/imu.urdf.xacro -> /home/student/rospw/src/install/sensors_demos_gazebo/share/sensors_demos_gazebo
[1.311s] copying urdf/hokuyo.urdf.xacro -> /home/student/rospw/src/install/sensors_demos_gazebo/share/sensors_demos_gazebo
[1.311s] copying meshes/kinect.dae -> /home/student/rospw/src/install/sensors_demos_gazebo/share/sensors_demos_gazebo/meshes
[1.312s] copying meshes/utm30.dae -> /home/student/rospw/src/install/sensors_demos_gazebo/share/sensors_demos_gazebo/meshes
[1.313s] running install_egg_info
[1.331s] removing '/home/student/rospw/src/install/sensors_demos_gazebo/lib/python3.10/site-packages/sensors_demos_gazebo-0.0.0-py3.10.egg-info' (and everything under it)
[1.331s] Copying ../build/sensors_demos_gazebo/sensors_demos_gazebo.egg-info to /home/student/rospw/src/install/sensors_demos_gazebo/lib/python3.10/site-packages/sensors_demos_gazebo-0.0.0-py3.10.egg-info
[1.332s] running install_scripts
[1.476s] writing list of installed files to '/home/student/rospw/src/build/sensors_demos_gazebo/install.log'
[1.517s] Invoked command in '/home/student/rospw/src/sensors_demos_gazebo' returned '0': PYTHONPATH=/home/student/rospw/src/build/sensors_demos_gazebo/prefix_override:/usr/lib/python3/dist-packages/colcon_core/task/python/colcon_distutils_commands:/home/student/rospw/src/install/sensors_demos_gazebo/lib/python3.10/site-packages:${PYTHONPATH} /usr/bin/python3 -W ignore:setup.py install is deprecated -W ignore:easy_install command is deprecated setup.py egg_info --egg-base ../build/sensors_demos_gazebo build --build-base /home/student/rospw/src/build/sensors_demos_gazebo/build install --record /home/student/rospw/src/build/sensors_demos_gazebo/install.log --install-scripts $base/lib/sensors_demos_gazebo --single-version-externally-managed install_data
