/usr/lib/python3/dist-packages/setuptools/dist.py:723: UserWarning: Usage of dash-separated 'script-dir' will not be supported in future versions. Please use the underscore name 'script_dir' instead
  warnings.warn(
running egg_info
creating ../../build/sensors_demos_gazebo/sensors_demos_gazebo.egg-info
writing ../../build/sensors_demos_gazebo/sensors_demos_gazebo.egg-info/PKG-INFO
writing dependency_links to ../../build/sensors_demos_gazebo/sensors_demos_gazebo.egg-info/dependency_links.txt
writing entry points to ../../build/sensors_demos_gazebo/sensors_demos_gazebo.egg-info/entry_points.txt
writing requirements to ../../build/sensors_demos_gazebo/sensors_demos_gazebo.egg-info/requires.txt
writing top-level names to ../../build/sensors_demos_gazebo/sensors_demos_gazebo.egg-info/top_level.txt
writing manifest file '../../build/sensors_demos_gazebo/sensors_demos_gazebo.egg-info/SOURCES.txt'
reading manifest file '../../build/sensors_demos_gazebo/sensors_demos_gazebo.egg-info/SOURCES.txt'
writing manifest file '../../build/sensors_demos_gazebo/sensors_demos_gazebo.egg-info/SOURCES.txt'
running build
running build_py
creating /home/pw/Downloads/rospw/build/sensors_demos_gazebo/build
creating /home/pw/Downloads/rospw/build/sensors_demos_gazebo/build/lib
creating /home/pw/Downloads/rospw/build/sensors_demos_gazebo/build/lib/sensors_demos_gazebo
copying sensors_demos_gazebo/__init__.py -> /home/pw/Downloads/rospw/build/sensors_demos_gazebo/build/lib/sensors_demos_gazebo
running install
running install_lib
creating /home/pw/Downloads/rospw/install/sensors_demos_gazebo/lib/python3.10/site-packages/sensors_demos_gazebo
copying /home/pw/Downloads/rospw/build/sensors_demos_gazebo/build/lib/sensors_demos_gazebo/__init__.py -> /home/pw/Downloads/rospw/install/sensors_demos_gazebo/lib/python3.10/site-packages/sensors_demos_gazebo
byte-compiling /home/pw/Downloads/rospw/install/sensors_demos_gazebo/lib/python3.10/site-packages/sensors_demos_gazebo/__init__.py to __init__.cpython-310.pyc
running install_data
creating /home/pw/Downloads/rospw/install/sensors_demos_gazebo/share/ament_index
creating /home/pw/Downloads/rospw/install/sensors_demos_gazebo/share/ament_index/resource_index
creating /home/pw/Downloads/rospw/install/sensors_demos_gazebo/share/ament_index/resource_index/packages
copying resource/sensors_demos_gazebo -> /home/pw/Downloads/rospw/install/sensors_demos_gazebo/share/ament_index/resource_index/packages
copying package.xml -> /home/pw/Downloads/rospw/install/sensors_demos_gazebo/share/sensors_demos_gazebo
copying launch/imu_launch.py -> /home/pw/Downloads/rospw/install/sensors_demos_gazebo/share/sensors_demos_gazebo
copying launch/kinect_launch.py -> /home/pw/Downloads/rospw/install/sensors_demos_gazebo/share/sensors_demos_gazebo
copying launch/ultrasonic_launch.py -> /home/pw/Downloads/rospw/install/sensors_demos_gazebo/share/sensors_demos_gazebo
copying launch/hokuyo_launch.py -> /home/pw/Downloads/rospw/install/sensors_demos_gazebo/share/sensors_demos_gazebo
copying urdf/hokuyo.urdf.xacro -> /home/pw/Downloads/rospw/install/sensors_demos_gazebo/share/sensors_demos_gazebo
copying urdf/kinect.urdf.xacro -> /home/pw/Downloads/rospw/install/sensors_demos_gazebo/share/sensors_demos_gazebo
copying urdf/imu.urdf.xacro -> /home/pw/Downloads/rospw/install/sensors_demos_gazebo/share/sensors_demos_gazebo
copying urdf/ultrasonic.urdf.xacro -> /home/pw/Downloads/rospw/install/sensors_demos_gazebo/share/sensors_demos_gazebo
creating /home/pw/Downloads/rospw/install/sensors_demos_gazebo/share/sensors_demos_gazebo/meshes
copying meshes/utm30.dae -> /home/pw/Downloads/rospw/install/sensors_demos_gazebo/share/sensors_demos_gazebo/meshes
copying meshes/kinect.dae -> /home/pw/Downloads/rospw/install/sensors_demos_gazebo/share/sensors_demos_gazebo/meshes
running install_egg_info
Copying ../../build/sensors_demos_gazebo/sensors_demos_gazebo.egg-info to /home/pw/Downloads/rospw/install/sensors_demos_gazebo/lib/python3.10/site-packages/sensors_demos_gazebo-0.0.0-py3.10.egg-info
running install_scripts
writing list of installed files to '/home/pw/Downloads/rospw/build/sensors_demos_gazebo/install.log'
