[1.037s] Invoking command in '/home/pw/Downloads/rospw/src/sensors_demos_gazebo': PYTHONPATH=/home/pw/Downloads/rospw/build/sensors_demos_gazebo/prefix_override:/home/pw/.local/lib/python3.10/site-packages/colcon_core/task/python/colcon_distutils_commands:/home/pw/Downloads/rospw/install/sensors_demos_gazebo/lib/python3.10/site-packages:${PYTHONPATH} /usr/bin/python3 -W ignore:setup.py install is deprecated -W ignore:easy_install command is deprecated setup.py egg_info --egg-base ../../build/sensors_demos_gazebo build --build-base /home/pw/Downloads/rospw/build/sensors_demos_gazebo/build install --record /home/pw/Downloads/rospw/build/sensors_demos_gazebo/install.log --install-scripts $base/lib/sensors_demos_gazebo --single-version-externally-managed install_data
[1.451s] /usr/lib/python3/dist-packages/setuptools/dist.py:723: UserWarning: Usage of dash-separated 'script-dir' will not be supported in future versions. Please use the underscore name 'script_dir' instead
[1.451s]   warnings.warn(
[1.466s] running egg_info
[1.467s] creating ../../build/sensors_demos_gazebo/sensors_demos_gazebo.egg-info
[1.467s] writing ../../build/sensors_demos_gazebo/sensors_demos_gazebo.egg-info/PKG-INFO
[1.468s] writing dependency_links to ../../build/sensors_demos_gazebo/sensors_demos_gazebo.egg-info/dependency_links.txt
[1.468s] writing entry points to ../../build/sensors_demos_gazebo/sensors_demos_gazebo.egg-info/entry_points.txt
[1.468s] writing requirements to ../../build/sensors_demos_gazebo/sensors_demos_gazebo.egg-info/requires.txt
[1.468s] writing top-level names to ../../build/sensors_demos_gazebo/sensors_demos_gazebo.egg-info/top_level.txt
[1.468s] writing manifest file '../../build/sensors_demos_gazebo/sensors_demos_gazebo.egg-info/SOURCES.txt'
[1.472s] reading manifest file '../../build/sensors_demos_gazebo/sensors_demos_gazebo.egg-info/SOURCES.txt'
[1.473s] writing manifest file '../../build/sensors_demos_gazebo/sensors_demos_gazebo.egg-info/SOURCES.txt'
[1.473s] running build
[1.474s] running build_py
[1.474s] creating /home/pw/Downloads/rospw/build/sensors_demos_gazebo/build
[1.474s] creating /home/pw/Downloads/rospw/build/sensors_demos_gazebo/build/lib
[1.474s] creating /home/pw/Downloads/rospw/build/sensors_demos_gazebo/build/lib/sensors_demos_gazebo
[1.474s] copying sensors_demos_gazebo/__init__.py -> /home/pw/Downloads/rospw/build/sensors_demos_gazebo/build/lib/sensors_demos_gazebo
[1.475s] running install
[1.475s] running install_lib
[1.476s] creating /home/pw/Downloads/rospw/install/sensors_demos_gazebo/lib/python3.10/site-packages/sensors_demos_gazebo
[1.476s] copying /home/pw/Downloads/rospw/build/sensors_demos_gazebo/build/lib/sensors_demos_gazebo/__init__.py -> /home/pw/Downloads/rospw/install/sensors_demos_gazebo/lib/python3.10/site-packages/sensors_demos_gazebo
[1.477s] byte-compiling /home/pw/Downloads/rospw/install/sensors_demos_gazebo/lib/python3.10/site-packages/sensors_demos_gazebo/__init__.py to __init__.cpython-310.pyc
[1.477s] running install_data
[1.477s] creating /home/pw/Downloads/rospw/install/sensors_demos_gazebo/share/ament_index
[1.478s] creating /home/pw/Downloads/rospw/install/sensors_demos_gazebo/share/ament_index/resource_index
[1.478s] creating /home/pw/Downloads/rospw/install/sensors_demos_gazebo/share/ament_index/resource_index/packages
[1.478s] copying resource/sensors_demos_gazebo -> /home/pw/Downloads/rospw/install/sensors_demos_gazebo/share/ament_index/resource_index/packages
[1.478s] copying package.xml -> /home/pw/Downloads/rospw/install/sensors_demos_gazebo/share/sensors_demos_gazebo
[1.478s] copying launch/imu_launch.py -> /home/pw/Downloads/rospw/install/sensors_demos_gazebo/share/sensors_demos_gazebo
[1.479s] copying launch/kinect_launch.py -> /home/pw/Downloads/rospw/install/sensors_demos_gazebo/share/sensors_demos_gazebo
[1.479s] copying launch/ultrasonic_launch.py -> /home/pw/Downloads/rospw/install/sensors_demos_gazebo/share/sensors_demos_gazebo
[1.479s] copying launch/hokuyo_launch.py -> /home/pw/Downloads/rospw/install/sensors_demos_gazebo/share/sensors_demos_gazebo
[1.479s] copying urdf/hokuyo.urdf.xacro -> /home/pw/Downloads/rospw/install/sensors_demos_gazebo/share/sensors_demos_gazebo
[1.479s] copying urdf/kinect.urdf.xacro -> /home/pw/Downloads/rospw/install/sensors_demos_gazebo/share/sensors_demos_gazebo
[1.480s] copying urdf/imu.urdf.xacro -> /home/pw/Downloads/rospw/install/sensors_demos_gazebo/share/sensors_demos_gazebo
[1.480s] copying urdf/ultrasonic.urdf.xacro -> /home/pw/Downloads/rospw/install/sensors_demos_gazebo/share/sensors_demos_gazebo
[1.480s] creating /home/pw/Downloads/rospw/install/sensors_demos_gazebo/share/sensors_demos_gazebo/meshes
[1.480s] copying meshes/utm30.dae -> /home/pw/Downloads/rospw/install/sensors_demos_gazebo/share/sensors_demos_gazebo/meshes
[1.481s] copying meshes/kinect.dae -> /home/pw/Downloads/rospw/install/sensors_demos_gazebo/share/sensors_demos_gazebo/meshes
[1.482s] running install_egg_info
[1.485s] Copying ../../build/sensors_demos_gazebo/sensors_demos_gazebo.egg-info to /home/pw/Downloads/rospw/install/sensors_demos_gazebo/lib/python3.10/site-packages/sensors_demos_gazebo-0.0.0-py3.10.egg-info
[1.486s] running install_scripts
[1.525s] writing list of installed files to '/home/pw/Downloads/rospw/build/sensors_demos_gazebo/install.log'
[1.578s] Invoked command in '/home/pw/Downloads/rospw/src/sensors_demos_gazebo' returned '0': PYTHONPATH=/home/pw/Downloads/rospw/build/sensors_demos_gazebo/prefix_override:/home/pw/.local/lib/python3.10/site-packages/colcon_core/task/python/colcon_distutils_commands:/home/pw/Downloads/rospw/install/sensors_demos_gazebo/lib/python3.10/site-packages:${PYTHONPATH} /usr/bin/python3 -W ignore:setup.py install is deprecated -W ignore:easy_install command is deprecated setup.py egg_info --egg-base ../../build/sensors_demos_gazebo build --build-base /home/pw/Downloads/rospw/build/sensors_demos_gazebo/build install --record /home/pw/Downloads/rospw/build/sensors_demos_gazebo/install.log --install-scripts $base/lib/sensors_demos_gazebo --single-version-externally-managed install_data
